started at 2021-10-17T13:48:24.576Z
new block 11852636
new block 11852637
new block 11852638
new block 11852639
new block 11852640
new block 11852641
fromQueryFilter 11176386099013976817121381,103630630704379094210183
fromContract    11176386099013976817121381,103630630704379094210183
new block 11852642
new block 11852643
new block 11852644
new block 11852645
new block 11852646
new block 11852647
new block 11852648
new block 11852649
new block 11852650
new block 11852651
new block 11852652
new block 11852653
new block 11852654
new block 11852655
new block 11852656
new block 11852657
new block 11852658
new block 11852659
new block 11852660
fromContract    11176312888328446886400875,103629951874080234364675
fromQueryFilter 11176312888328446886400875,103629951874080234364675
new block 11852661
new block 11852662
new block 11852663
new block 11852664
fromQueryFilter 11176346951306204277624410,103629636823024107342426
new block 11852665
fromContract    11176346951306204277624410,103629636823024107342426
fromQueryFilter 11176346951306204277624410,103629636823024107342426
new block 11852666
new block 11852667
new block 11852668
new block 11852669
new block 11852670
new block 11852671
new block 11852672
new block 11852673
new block 11852674
new block 11852675
new block 11852676
fromQueryFilter 11176363951306204277624410,103629479589456842965827
fromContract    11176363951306204277624410,103629479589456842965827
new block 11852677
fromQueryFilter 11176384802737943874443418,103629286734521153470310
fromContract    11176384802737943874443418,103629286734521153470310
new block 11852678
new block 11852679
new block 11852680
new block 11852681
fromQueryFilter 11176296035697861755507387,103628463671857188004841
new block 11852682
new block 11852683
fromQueryFilter 11176296035697861755507387,103628463671857188004841
fromContract    11176296035697861755507387,103628463671857188004841
new block 11852684
new block 11852685
new block 11852686
new block 11852687
new block 11852688
new block 11852689
new block 11852690
new block 11852691
new block 11852692
new block 11852693
new block 11852694
new block 11852695
new block 11852696
new block 11852697
new block 11852698
new block 11852699
new block 11852700
new block 11852701
new block 11852702
fromContract    11176384805697861755507387,103627642645978508661066
fromQueryFilter 11176384805697861755507387,103627642645978508661066
new block 11852703
new block 11852704
new block 11852705
new block 11852706
new block 11852707
new block 11852708
new block 11852709
new block 11852710
new block 11852711
new block 11852712
new block 11852713
new block 11852714
new block 11852715
new block 11852716
new block 11852717
fromContract    11176324371023096702161112,103627082294577867366169
fromQueryFilter 11176324371023096702161112,103627082294577867366169
new block 11852718
new block 11852719
new block 11852720
new block 11852721
new block 11852722
new block 11852723
new block 11852724
new block 11852725
new block 11852726
new block 11852727
new block 11852728
fromQueryFilter 11176342371023096702161112,103626915815759634781147
fromContract    11176342371023096702161112,103626915815759634781147
new block 11852729
new block 11852730
new block 11852731
new block 11852732
fromQueryFilter 11176373501023096702161112,103626627901155963596976
new block 11852733
fromContract    11176373501023096702161112,103626627901155963596976
fromQueryFilter 11176373501023096702161112,103626627901155963596976
new block 11852734
new block 11852735
new block 11852736
new block 11852737
new block 11852738
fromQueryFilter 11176374881023096702161112,103626615137873038685684
new block 11852739
new block 11852740
fromQueryFilter 11176374881023096702161112,103626615137873038685684
fromContract    11176374881023096702161112,103626615137873038685684
new block 11852741
new block 11852742
new block 11852743
new block 11852744
new block 11852745
fromQueryFilter 11176382881023096702161112,103626541147889062373697
fromContract    11176382881023096702161112,103626541147889062373697
new block 11852746
new block 11852747
fromQueryFilter 11176442881023096702161112,103625986226378080549697
fromContract    11176442881023096702161112,103625986226378080549697
new block 11852748
new block 11852749
new block 11852750
new block 11852751
new block 11852752
new block 11852753
new block 11852754
fromContract    11176457561023096702161112,103625850456488488397802
fromQueryFilter 11176457561023096702161112,103625850456488488397802
new block 11852755
new block 11852756
fromContract    11176534143808009242953701,103625142176411668968971
fromQueryFilter 11176534143808009242953701,103625142176411668968971
fromQueryFilter 11176540623808009242953701,103625082246222398780993
fromQueryFilter 11176534143808009242953701,103625142176411668968971
fromQueryFilter 11176540623808009242953701,103625082246222398780993
new block 11852757
fromQueryFilter 11176540623808009242953701,103625082246222398780993
fromContract    11176540623808009242953701,103625082246222398780993
new block 11852758
new block 11852759
new block 11852760
new block 11852761
new block 11852762
new block 11852763
new block 11852764
fromQueryFilter 11176658354871997474702851,103623993424203848192327
fromQueryFilter 11176670994317060393875971,103623876531132376976655
fromQueryFilter 11176658354871997474702851,103623993424203848192327
fromQueryFilter 11176670994317060393875971,103623876531132376976655
fromQueryFilter 11176579213808009242953701,103624725348583846219951
fromQueryFilter 11176658354871997474702851,103623993424203848192327
fromQueryFilter 11176670994317060393875971,103623876531132376976655
new block 11852765
new block 11852766
new block 11852767
new block 11852768
new block 11852769
new block 11852770
new block 11852771
new block 11852772
new block 11852773
new block 11852774
new block 11852775
new block 11852776
new block 11852777
new block 11852778
fromQueryFilter 11176706994317060393875971,103623543594656714753037
new block 11852779
new block 11852780
fromQueryFilter 11176706994317060393875971,103623543594656714753037
fromQueryFilter 11176770604741050272799876,103622955315714110888213
fromQueryFilter 11176770604741050272799876,103622955315714110888213
fromContract    11176706994317060393875971,103623543594656714753037
fromContract    11176770604741050272799876,103622955315714110888213
new block 11852781
new block 11852782
new block 11852783
new block 11852784
new block 11852785
SYNC-EVENT: 7:28.791 (m:ss.mmm) found missing event 11176658354871997474702851,103623993424203848192327 {
  fromContract: undefined,
  fromQueryFilter: true,
  received: 1634478890581
}
