started at 2021-10-17T13:55:55.471Z
new block 11852786
new block 11852787
new block 11852788
new block 11852789
fromQueryFilter 11176702040957081101627812,103623592586741592580245
fromContract    11176702040957081101627812,103623592586741592580245
new block 11852790
new block 11852791
new block 11852792
fromContract    11176633408190348549231072,103624230506774708705631
fromContract    11176638953239656342553819,103624179224366188398851
fromQueryFilter 11176633408190348549231072,103624230506774708705631
fromQueryFilter 11176638953239656342553819,103624179224366188398851
new block 11852793
new block 11852794
new block 11852795
new block 11852796
new block 11852797
new block 11852798
new block 11852799
new block 11852800
new block 11852801
new block 11852802
fromQueryFilter 11176656652010011400230595,103624015540756308643080
fromContract    11176656652010011400230595,103624015540756308643080
new block 11852803
new block 11852804
new block 11852805
new block 11852806
new block 11852807
new block 11852808
new block 11852809
new block 11852810
new block 11852811
fromQueryFilter 11176588018092242687477544,103624653476682507143115
new block 11852812
new block 11852813
fromQueryFilter 11176662881016773998918989,103623961119490552027357
fromContract    11176588018092242687477544,103624653476682507143115
fromContract    11176662881016773998918989,103623961119490552027357
fromQueryFilter 11176588018092242687477544,103624653476682507143115
fromQueryFilter 11176662881016773998918989,103623961119490552027357
new block 11852814
fromContract    11176661881016773998918989,103623970414186177710723
fromQueryFilter 11176661881016773998918989,103623970414186177710723
new block 11852815
fromQueryFilter 11176688571016773998918989,103623723578152421435058
new block 11852816
new block 11852817
fromQueryFilter 11176688571016773998918989,103623723578152421435058
fromContract    11176688571016773998918989,103623723578152421435058
new block 11852818
new block 11852819
new block 11852820
new block 11852821
new block 11852822
new block 11852823
new block 11852824
fromContract    11176908571016773998918989,103621689005970520554676
fromContract    11176910471016773998918989,103621671435014156424296
fromQueryFilter 11176908571016773998918989,103621689005970520554676
fromQueryFilter 11176910471016773998918989,103621671435014156424296
fromQueryFilter 11176910471016773998918989,103621671435014156424296
new block 11852825
new block 11852826
new block 11852827
new block 11852828
new block 11852829
new block 11852830
new block 11852831
new block 11852832
new block 11852833
new block 11852834
new block 11852835
new block 11852836
new block 11852837
new block 11852838
new block 11852839
new block 11852840
new block 11852841
new block 11852842
new block 11852843
new block 11852844
fromQueryFilter 11176920407875031005711047,103621579540320309490985
fromContract    11176920407875031005711047,103621579540320309490985
fromQueryFilter 11176920407875031005711047,103621579540320309490985
new block 11852845
new block 11852846
new block 11852847
fromQueryFilter 11176918163911793810191115,103621600396318009291568
new block 11852848
new block 11852849
fromContract    11176918163911793810191115,103621600396318009291568
fromQueryFilter 11176918163911793810191115,103621600396318009291568
new block 11852850
new block 11852851
new block 11852852
fromQueryFilter 11176947888950140740662542,103621325504128639512579
fromContract    11176947888950140740662542,103621325504128639512579
new block 11852853
new block 11852854
new block 11852855
new block 11852856
new block 11852857
new block 11852858
new block 11852859
new block 11852860
new block 11852861
new block 11852862
new block 11852863
new block 11852864
new block 11852865
new block 11852866
new block 11852867
new block 11852868
new block 11852869
new block 11852870
new block 11852871
new block 11852872
new block 11852873
new block 11852874
new block 11852875
new block 11852876
new block 11852877
fromContract    11176946636830332407462501,103621337141608640826542
fromQueryFilter 11176946636830332407462501,103621337141608640826542
fromQueryFilter 11176946636830332407462501,103621337141608640826542
new block 11852878
new block 11852879
fromQueryFilter 11176940861180819108360080,103621390821813633653153
fromContract    11176940861180819108360080,103621390821813633653153
new block 11852880
new block 11852881
new block 11852882
new block 11852883
new block 11852884
new block 11852885
new block 11852886
new block 11852887
new block 11852888
new block 11852889
fromQueryFilter 11177291281395022168535450,103618150300087942377864
fromContract    11177291281395022168535450,103618150300087942377864
new block 11852890
new block 11852891
new block 11852892
new block 11852893
new block 11852894
new block 11852895
new block 11852896
fromContract    11177287264918465799924431,103618187627832942377864
fromQueryFilter 11177287264918465799924431,103618187627832942377864
fromQueryFilter 11177287264918465799924431,103618187627832942377864
fromQueryFilter 11177287264918465799924431,103618187627832942377864
new block 11852897
new block 11852898
new block 11852899
new block 11852900
new block 11852901
new block 11852902
new block 11852903
new block 11852904
new block 11852905
new block 11852906
fromQueryFilter 11177287754917649951394880,103618192170332942377864
new block 11852907
fromContract    11177287754917649951394880,103618192170332942377864
fromQueryFilter 11177287754917649951394880,103618192170332942377864
new block 11852908
new block 11852909
new block 11852910
fromQueryFilter 11176880712011359156892524,103621975225558056829719
fromQueryFilter 11177287754917649951394880,103625748960917518630798
fromQueryFilter 11176595710901372357120753,103619332951857616293171
new block 11852911
fromQueryFilter 11176880712011359156892524,103621975225558056829719
fromQueryFilter 11177287754917649951394880,103625748960917518630798
fromQueryFilter 11176595710901372357120753,103619332951857616293171
fromContract    11176880712011359156892524,103621975225558056829719
fromContract    11177287754917649951394880,103625748960917518630798
fromContract    11176595710901372357120753,103619332951857616293171
new block 11852912
new block 11852913
new block 11852914
new block 11852915
new block 11852916
new block 11852917
new block 11852918
new block 11852919
fromContract    11176603440901313114450410,103619404617457616293171
fromQueryFilter 11176603440901313114450410,103619404617457616293171
fromQueryFilter 11176603440901313114450410,103619404617457616293171
new block 11852920
new block 11852921
new block 11852922
new block 11852923
fromQueryFilter 11176615210901313114450410,103619295769530796474559
fromQueryFilter 11176615210901313114450410,103619295769530796474559
fromContract    11176615210901313114450410,103619295769530796474559
fromQueryFilter 11176615210901313114450410,103619295769530796474559
new block 11852924
new block 11852925
fromContract    11176623210901313114450410,103619221786363777476780
fromQueryFilter 11176623210901313114450410,103619221786363777476780
new block 11852926
new block 11852927
new block 11852928
new block 11852929
fromQueryFilter 11176660950901313114450410,103618872772198750242867
fromQueryFilter 11176720140901313114450410,103618325396217195730970
fromContract    11176660950901313114450410,103618872772198750242867
fromContract    11176720140901313114450410,103618325396217195730970
new block 11852930
new block 11852931
new block 11852932
new block 11852933
new block 11852934
new block 11852935
new block 11852936
new block 11852937
new block 11852938
new block 11852939
new block 11852940
new block 11852941
new block 11852942
new block 11852943
new block 11852944
new block 11852945
new block 11852946
new block 11852947
fromQueryFilter 11176723910900576605217491,103618360347527195730970
fromQueryFilter 11176778591733615860697611,103617854676466518552305
fromQueryFilter 11176806391733615860697611,103617597592749017797714
fromContract    11176723910900576605217491,103618360347527195730970
fromContract    11176778591733615860697611,103617854676466518552305
new block 11852948
new block 11852949
fromQueryFilter 11176806391733615860697611,103617597592749017797714
fromContract    11176806391733615860697611,103617597592749017797714
new block 11852950
new block 11852951
new block 11852952
new block 11852953
new block 11852954
new block 11852955
fromQueryFilter 11178908391733615860697611,103598162798743987171587
fromContract    11178908391733615860697611,103598162798743987171587
new block 11852956
new block 11852957
new block 11852958
new block 11852959
new block 11852960
new block 11852961
new block 11852962
new block 11852963
new block 11852964
new block 11852965
new block 11852966
new block 11852967
new block 11852968
new block 11852969
new block 11852970
new block 11852971
new block 11852972
new block 11852973
fromQueryFilter 11178978283130788347482443,103597516718331125271873
fromQueryFilter 11178978283130788347482443,103597516718331125271873
fromContract    11178978283130788347482443,103597516718331125271873
new block 11852974
new block 11852975
new block 11852976
new block 11852977
new block 11852978
fromQueryFilter 11178980283130788347482443,103597498230325894831607
new block 11852979
fromQueryFilter 11178980283130788347482443,103597498230325894831607
fromContract    11178980283130788347482443,103597498230325894831607
new block 11852980
new block 11852981
fromContract    11178949311621917229355003,103597785968670234408054
fromQueryFilter 11178949311621917229355003,103597785968670234408054
fromQueryFilter 11178949311621917229355003,103597785968670234408054
new block 11852982
new block 11852983
new block 11852984
new block 11852985
fromContract    11180199011621917229355003,103586234964641038317767
new block 11852986
new block 11852987
new block 11852988
new block 11852989
new block 11852990
new block 11852991
new block 11852992
new block 11852993
fromQueryFilter 11180201011621917229355003,103586216480667572003564
fromQueryFilter 11180201011621917229355003,103586216480667572003564
fromContract    11180201011621917229355003,103586216480667572003564
new block 11852994
new block 11852995
new block 11852996
new block 11852997
new block 11852998
new block 11852999
fromQueryFilter 11180203011621917229355003,103586235010963471511773
fromContract    11180203011621917229355003,103586235010963471511773
new block 11853000
fromQueryFilter 11180458311621917229355003,103588600403235043734663
fromContract    11180458311621917229355003,103588600403235043734663
new block 11853001
new block 11853002
new block 11853003
new block 11853004
new block 11853005
fromContract    11184027311621917229355003,103555626258100344789025
fromQueryFilter 11184027311621917229355003,103555626258100344789025
fromQueryFilter 11184027311621917229355003,103555626258100344789025
new block 11853006
SYNC-EVENT: 11:04.654 (m:ss.mmm) found missing event 11180199011621917229355003,103586234964641038317767 {
  fromContract: true,
  fromQueryFilter: undefined,
  received: 1634479553945
}
