started at 2021-10-17T14:13:02.244Z
new block 11853129
new block 11853130
new block 11853131
new block 11853132
new block 11853133
new block 11853134
new block 11853135
new block 11853136
new block 11853137
new block 11853138
new block 11853139
new block 11853140
new block 11853141
new block 11853142
new block 11853143
new block 11853144
new block 11853145
new block 11853146
new block 11853147
fromQueryFilter 11184060443148895218799280,103555758780427120155189
fromQueryFilter 11184060443148895218799280,103555758780427120155189
fromContract    11184060443148895218799280,103555758780427120155189
new block 11853148
new block 11853149
new block 11853150
new block 11853151
new block 11853152
new block 11853153
new block 11853154
new block 11853155
new block 11853156
new block 11853157
new block 11853158
new block 11853159
new block 11853160
new block 11853161
new block 11853162
new block 11853163
new block 11853164
new block 11853165
fromQueryFilter 11184055443148895218799280,103555805192615235057434
fromQueryFilter 11184054443148895218799280,103555814475057848262787
fromQueryFilter 11184054443148895218799280,103555814475057848262787
fromContract    11184055443148895218799280,103555805192615235057434
fromContract    11184054443148895218799280,103555814475057848262787
new block 11853166
new block 11853167
fromQueryFilter 11184077093478863750928962,103555605275011488563344
new block 11853168
fromContract    11184077093478863750928962,103555605275011488563344
fromQueryFilter 11184077093478863750928962,103555605275011488563344
new block 11853169
new block 11853170
new block 11853171
new block 11853172
new block 11853173
fromContract    11184072093478863750928962,103555651687061708346646
fromQueryFilter 11184072093478863750928962,103555651687061708346646
new block 11853174
new block 11853175
new block 11853176
new block 11853177
new block 11853178
new block 11853179
new block 11853180
fromQueryFilter 11184073083478863750928962,103555642543362968934745
new block 11853181
new block 11853182
fromQueryFilter 11184073083478863750928962,103555642543362968934745
fromContract    11184073083478863750928962,103555642543362968934745
new block 11853183
new block 11853184
new block 11853185
new block 11853186
new block 11853187
new block 11853188
new block 11853189
new block 11853190
new block 11853191
new block 11853192
new block 11853193
new block 11853194
new block 11853195
new block 11853196
new block 11853197
new block 11853198
new block 11853199
new block 11853200
new block 11853201
new block 11853202
new block 11853203
fromQueryFilter 11184074840725519946898326,103555626313332570407747
new block 11853204
fromContract    11184074840725519946898326,103555626313332570407747
fromQueryFilter 11184074840725519946898326,103555626313332570407747
new block 11853205
new block 11853206
new block 11853207
new block 11853208
new block 11853209
new block 11853210
fromContract    11184129550725519946898326,103555121011195439895709
new block 11853211
new block 11853212
new block 11853213
new block 11853214
new block 11853215
new block 11853216
new block 11853217
new block 11853218
new block 11853219
new block 11853220
fromQueryFilter 11184128003288985500195303,103555135374996893142511
fromQueryFilter 11184129550725519946898326,103555149702890830132514
fromContract    11184128003288985500195303,103555135374996893142511
fromContract    11184129550725519946898326,103555149702890830132514
new block 11853221
new block 11853222
new block 11853223
new block 11853224
new block 11853225
new block 11853226
new block 11853227
new block 11853228
new block 11853229
fromQueryFilter 11184157420725519946898326,103554892297104519945399
fromQueryFilter 11184157420725519946898326,103554892297104519945399
fromContract    11184157420725519946898326,103554892297104519945399
new block 11853230
new block 11853231
SYNC-EVENT: 5:08.439 (m:ss.mmm) found missing event 11184129550725519946898326,103555121011195439895709 {
  fromContract: true,
  fromQueryFilter: undefined,
  received: 1634480227384
}
