started at 2021-10-17T14:07:02.692Z
new block 11853009
new block 11853010
new block 11853011
fromContract    11184029311621917229355003,103555607785913915289158
fromQueryFilter 11184029311621917229355003,103555607785913915289158
new block 11853012
new block 11853013
fromQueryFilter 11184040902159690988139053,103555500734756436186922
fromQueryFilter 11184040902159690988139053,103555500734756436186922
fromContract    11184040902159690988139053,103555500734756436186922
new block 11853014
new block 11853015
new block 11853016
fromQueryFilter 11184043432159690988139053,103555477367498427057545
fromContract    11184043432159690988139053,103555477367498427057545
fromQueryFilter 11184043432159690988139053,103555477367498427057545
new block 11853017
new block 11853018
new block 11853019
new block 11853020
fromQueryFilter 11184038432159690988139053,103555523779631009792758
new block 11853021
new block 11853022
fromQueryFilter 11184038432159690988139053,103555523779631009792758
fromContract    11184038432159690988139053,103555523779631009792758
new block 11853023
new block 11853024
new block 11853025
fromQueryFilter 11184076722159690988139053,103555170131468079677788
new block 11853026
new block 11853027
fromQueryFilter 11184076722159690988139053,103555170131468079677788
fromContract    11184076722159690988139053,103555170131468079677788
new block 11853028
new block 11853029
new block 11853030
new block 11853031
new block 11853032
new block 11853033
new block 11853034
new block 11853035
new block 11853036
new block 11853037
new block 11853038
new block 11853039
new block 11853040
new block 11853041
new block 11853042
new block 11853043
new block 11853044
new block 11853045
new block 11853046
new block 11853047
fromQueryFilter 11184202144308149716762292,103554011743785333332409
fromContract    11184202144308149716762292,103554011743785333332409
new block 11853048
new block 11853049
new block 11853050
new block 11853051
new block 11853052
new block 11853053
new block 11853054
new block 11853055
new block 11853056
new block 11853057
new block 11853058
new block 11853059
new block 11853060
new block 11853061
new block 11853062
new block 11853063
new block 11853064
new block 11853065
new block 11853066
fromContract    11184121965948467325549113,103554755977425219342016
fromQueryFilter 11184121965948467325549113,103554755977425219342016
new block 11853067
new block 11853068
new block 11853069
fromContract    11184122465948467325549113,103554751359455887661125
fromQueryFilter 11184122465948467325549113,103554751359455887661125
new block 11853070
new block 11853071
new block 11853072
new block 11853073
new block 11853074
new block 11853075
fromQueryFilter 11184094465948467325549113,103555011264274021156213
new block 11853076
fromQueryFilter 11184094465948467325549113,103555011264274021156213
fromContract    11184094465948467325549113,103555011264274021156213
new block 11853077
new block 11853078
fromQueryFilter 11184085009527517594915819,103554923706020561248011
fromContract    11184085009527517594915819,103554923706020561248011
fromQueryFilter 11184085009527517594915819,103554923706020561248011
new block 11853079
new block 11853080
new block 11853081
new block 11853082
new block 11853083
fromContract    11184089489527517594915819,103554882328826293068094
fromQueryFilter 11184089489527517594915819,103554882328826293068094
new block 11853084
new block 11853085
new block 11853086
new block 11853087
new block 11853088
new block 11853089
new block 11853090
new block 11853091
new block 11853092
new block 11853093
fromQueryFilter 11184121971295692943698265,103554582328826293068094
fromQueryFilter 11184121971295692943698265,103554582328826293068094
fromContract    11184121971295692943698265,103554582328826293068094
new block 11853094
new block 11853095
new block 11853096
new block 11853097
new block 11853098
new block 11853099
new block 11853100
fromQueryFilter 11184114471295692943698265,103554651945950131521068
fromQueryFilter 11184114471295692943698265,103554651945950131521068
fromQueryFilter 11184114471295692943698265,103554651945950131521068
fromQueryFilter 11184114471295692943698265,103554651945950131521068
fromContract    11184114471295692943698265,103554651945950131521068
new block 11853101
fromQueryFilter 11184105471295692943698265,103554735486622126107871
fromContract    11184105471295692943698265,103554735486622126107871
new block 11853102
new block 11853103
fromContract    11184180432263093124888658,103554043155438834617643
fromQueryFilter 11184180432263093124888658,103554043155438834617643
new block 11853104
fromQueryFilter 11184212832920943124888658,103554343152308661992843
fromContract    11184212832920943124888658,103554343152308661992843
new block 11853105
new block 11853106
new block 11853107
fromQueryFilter 11184226555818048514857057,103554216410157188280129
new block 11853108
new block 11853109
new block 11853110
fromQueryFilter 11184206555818048514857057,103554402053636265695527
fromContract    11184206555818048514857057,103554402053636265695527
new block 11853111
new block 11853112
fromContract    11184138021045001869796255,103555038210360266210471
fromQueryFilter 11184138021045001869796255,103555038210360266210471
new block 11853113
new block 11853114
new block 11853115
fromQueryFilter 11184050443155470078152789,103555851141363790705656
fromContract    11184050443155470078152789,103555851141363790705656
new block 11853116
new block 11853117
fromContract    11184050443148895218799280,103555851141302912479119
fromQueryFilter 11184050443148895218799280,103555851141302912479119
new block 11853118
new block 11853119
new block 11853120
new block 11853121
new block 11853122
new block 11853123
new block 11853124
new block 11853125
new block 11853126
new block 11853127
SYNC-EVENT: 5:57.454 (m:ss.mmm) found missing event 11184226555818048514857057,103554216410157188280129 {
  fromContract: undefined,
  fromQueryFilter: true,
  received: 1634479917661
}
