started at 2021-10-23T17:25:24.991Z
new block 12027189
new block 12027190
new block 12027191
new block 12027192
fromQueryFilter 11622313273214660391412757,101582457806757459340166 12027193
new block 12027193
new block 12027194
fromQueryFilter 11622313273214660391412757,101582457806757459340166 12027193
fromContract    11622313273214660391412757,101582457806757459340166 12027193
new block 12027195
new block 12027196
new block 12027197
fromQueryFilter 11624221663925047592112757,101565822331606700343895 12027196
fromQueryFilter 11628284884925047592079989,101530421321491821664355 12027197
fromContract    11624221663925047592112757,101565822331606700343895 12027196
fromContract    11628284884925047592079989,101530421321491821664355 12027197
fromQueryFilter 11628284884925047592079989,101530421321491821664355 12027197
new block 12027198
new block 12027199
new block 12027200
new block 12027201
new block 12027202
new block 12027203
new block 12027204
new block 12027205
new block 12027206
new block 12027207
new block 12027208
new block 12027209
new block 12027210
new block 12027211
new block 12027212
new block 12027213
new block 12027214
new block 12027215
new block 12027216
new block 12027217
new block 12027218
new block 12027219
new block 12027220
new block 12027221
new block 12027222
new block 12027223
new block 12027224
new block 12027225
new block 12027226
new block 12027227
new block 12027228
new block 12027229
new block 12027230
new block 12027231
new block 12027232
new block 12027233
new block 12027234
fromContract    11628285884925047592079989,101530412611988435506882 12027234
fromQueryFilter 11628285884925047592079989,101530412611988435506882 12027234
fromQueryFilter 11628285884925047592079989,101530412611988435506882 12027234
fromQueryFilter 11628285884925047592079989,101530412611988435506882 12027234
new block 12027235
new block 12027236
new block 12027237
new block 12027238
fromQueryFilter 11628285770681297784990259,101530413611988435506882 12027238
fromContract    11628285770681297784990259,101530413611988435506882 12027238
fromQueryFilter 11628285770681297784990259,101530413611988435506882 12027238
new block 12027239
new block 12027240
new block 12027241
new block 12027242
new block 12027243
new block 12027244
new block 12027245
new block 12027246
new block 12027247
fromQueryFilter 11630196915928397971690259,101513771215483338773200 12027247
fromContract    11630196915928397971690259,101513771215483338773200 12027247
new block 12027248
new block 12027249
new block 12027250
fromContract    11630197165928397971690259,101513773397599685325614 12027250
fromQueryFilter 11630197165928397971690259,101513773397599685325614 12027250
fromQueryFilter 11630197165928397971690259,101513773397599685325614 12027250
new block 12027251
new block 12027252
new block 12027253
new block 12027254
new block 12027255
new block 12027256
new block 12027257
new block 12027258
new block 12027259
new block 12027260
new block 12027261
new block 12027262
new block 12027263
new block 12027264
new block 12027265
new block 12027266
new block 12027267
new block 12027268
new block 12027269
new block 12027270
new block 12027271
new block 12027272
new block 12027273
new block 12027274
new block 12027275
new block 12027276
new block 12027277
new block 12027278
new block 12027279
new block 12027280
new block 12027281
new block 12027282
new block 12027283
new block 12027284
new block 12027285
new block 12027286
new block 12027287
new block 12027288
new block 12027289
fromContract    11630201165928397971690259,101513738571034742383333 12027288
fromQueryFilter 11630201165928397971690259,101513738571034742383333 12027288
new block 12027290
new block 12027291
new block 12027292
fromQueryFilter 11630265595928397971690259,101513177605432775992983 12027293
new block 12027293
fromQueryFilter 11630265595928397971690259,101513177605432775992983 12027293
fromContract    11630265595928397971690259,101513177605432775992983 12027293
new block 12027294
new block 12027295
new block 12027296
fromQueryFilter 11630305625928397971690259,101512829083757288952616 12027295
fromQueryFilter 11630305625928397971690259,101512829083757288952616 12027295
fromContract    11630305625928397971690259,101512829083757288952616 12027295
new block 12027297
new block 12027298
new block 12027299
new block 12027300
new block 12027301
new block 12027302
new block 12027303
new block 12027304
new block 12027305
new block 12027306
new block 12027307
new block 12027308
new block 12027309
new block 12027310
new block 12027311
new block 12027312
new block 12027313
new block 12027314
new block 12027315
new block 12027316
new block 12027317
new block 12027318
new block 12027319
new block 12027320
new block 12027321
new block 12027322
new block 12027323
new block 12027324
new block 12027325
new block 12027326
new block 12027327
new block 12027328
fromQueryFilter 11631596846754710123771755,101502084413165320226864 12027322
fromContract    11630335379708267971690259,101513088783757244709859 12027320
fromContract    11630334082244626221271755,101513077459101715987609 12027320
fromContract    11631596846754710123771755,101502084413165320226864 12027322
fromQueryFilter 11630335379708267971690259,101513088783757244709859 12027320
fromQueryFilter 11630334082244626221271755,101513077459101715987609 12027320
fromQueryFilter 11631596846754710123771755,101502084413165320226864 12027322
fromQueryFilter 11631596846754710123771755,101502084413165320226864 12027322
new block 12027329
new block 12027330
new block 12027331
new block 12027332
new block 12027333
new block 12027334
new block 12027335
new block 12027336
new block 12027337
new block 12027338
new block 12027339
new block 12027340
new block 12027341
new block 12027342
new block 12027343
new block 12027344
new block 12027345
new block 12027346
new block 12027347
new block 12027348
new block 12027349
new block 12027350
new block 12027351
fromContract    11631585846754710123771755,101502180644345347684281 12027351
fromQueryFilter 11631585846754710123771755,101502180644345347684281 12027351
new block 12027352
new block 12027353
new block 12027354
new block 12027355
new block 12027356
new block 12027357
new block 12027358
new block 12027359
new block 12027360
new block 12027361
new block 12027362
new block 12027363
new block 12027364
new block 12027365
new block 12027366
new block 12027367
new block 12027368
new block 12027369
new block 12027370
new block 12027371
new block 12027372
new block 12027373
new block 12027374
new block 12027375
new block 12027376
new block 12027377
new block 12027378
new block 12027379
new block 12027380
new block 12027381
new block 12027382
new block 12027383
new block 12027384
new block 12027385
new block 12027386
new block 12027387
fromQueryFilter 11631643956007512384597840,101501674828449409933701 12027388
new block 12027388
fromQueryFilter 11631643956007512384597840,101501674828449409933701 12027388
fromContract    11631643956007512384597840,101501674828449409933701 12027388
new block 12027389
new block 12027390
new block 12027391
new block 12027392
new block 12027393
new block 12027394
new block 12027395
new block 12027396
new block 12027397
new block 12027398
new block 12027399
new block 12027400
new block 12027401
fromQueryFilter 11631656888765630583444768,101501562255074542769326 12027400
fromContract    11631656888765630583444768,101501562255074542769326 12027400
new block 12027402
new block 12027403
new block 12027404
new block 12027405
new block 12027406
new block 12027407
new block 12027408
new block 12027409
new block 12027410
new block 12027411
new block 12027412
new block 12027413
new block 12027414
new block 12027415
new block 12027416
fromContract    11631658186589409191479661,101501573580300374330030 12027416
fromQueryFilter 11631658186589409191479661,101501573580300374330030 12027416
new block 12027417
new block 12027418
new block 12027419
new block 12027420
new block 12027421
new block 12027422
new block 12027423
fromQueryFilter 11631753929585435750966843,101500740191814660247112 12027425
new block 12027424
new block 12027425
new block 12027426
fromContract    11631753929585435750966843,101500740191814660247112 12027425
fromQueryFilter 11631753929585435750966843,101500740191814660247112 12027425
fromQueryFilter 11631753929585435750966843,101500740191814660247112 12027425
new block 12027427
new block 12027428
new block 12027429
new block 12027430
new block 12027431
new block 12027432
new block 12027433
new block 12027434
new block 12027435
new block 12027436
new block 12027437
new block 12027438
new block 12027439
new block 12027440
new block 12027441
new block 12027442
new block 12027443
new block 12027444
new block 12027445
new block 12027446
fromContract    11631682743252029203559603,101501362937003672501081 12027446
fromQueryFilter 11631682743252029203559603,101501362937003672501081 12027446
fromQueryFilter 11631682743252029203559603,101501362937003672501081 12027446
new block 12027447
new block 12027448
new block 12027449
new block 12027450
new block 12027451
new block 12027452
new block 12027453
new block 12027454
new block 12027455
new block 12027456
new block 12027457
new block 12027458
new block 12027459
new block 12027460
new block 12027461
new block 12027462
new block 12027463
new block 12027464
new block 12027465
fromQueryFilter 11631684743252029203559603,101501345528070777905399 12027464
fromQueryFilter 11631684743252029203559603,101501345528070777905399 12027464
fromQueryFilter 11631684743252029203559603,101501345528070777905399 12027464
fromContract    11631684743252029203559603,101501345528070777905399 12027464
new block 12027466
new block 12027467
fromQueryFilter 11631674743252029203559603,101501433009656285844556 12027467
fromContract    11631674743252029203559603,101501433009656285844556 12027467
new block 12027468
new block 12027469
new block 12027470
fromQueryFilter 11631689977073740327369667,101501300407334082611423 12027470
fromContract    11631689977073740327369667,101501300407334082611423 12027470
fromQueryFilter 11631689977073740327369667,101501300407334082611423 12027470
new block 12027471
new block 12027472
new block 12027473
new block 12027474
fromContract    11632306374082832778920974,101495935289574482075092 12027474
fromQueryFilter 11632306374082832778920974,101495935289574482075092 12027474
new block 12027475
new block 12027476
new block 12027477
new block 12027478
new block 12027479
new block 12027480
new block 12027481
new block 12027482
new block 12027483
new block 12027484
new block 12027485
new block 12027486
fromContract    11634220422657590427520974,101479279033068131874325 12027485
new block 12027487
fromQueryFilter 11634222422657590427520974,101479296478032271532140 12027488
new block 12027488
new block 12027489
fromQueryFilter 11634222422657590427520974,101479296478032271532140 12027488
fromContract    11634222422657590427520974,101479296478032271532140 12027488
new block 12027490
new block 12027491
new block 12027492
new block 12027493
new block 12027494
new block 12027495
fromContract    11634229187503966465391930,101479237619330817923245 12027495
fromQueryFilter 11634229187503966465391930,101479237619330817923245 12027495
fromQueryFilter 11634222262191960953679993,101479177213491181365211 12027496
fromQueryFilter 11634229187503966465391930,101479237619330817923245 12027495
fromQueryFilter 11634222262191960953679993,101479177213491181365211 12027496
new block 12027496
SYNC-EVENT: 15:16.751 (m:ss.mmm) found missing event 11634220422657590427520974,101479279033068131874325 {
  fromContract: 12027485,
  fromQueryFilter: undefined,
  received: 1635010810437
}
fromContract    11634222262191960953679993,101479177213491181365211 12027496
fromGetLogs 11634220422657590427520974,101479279033068131874325 12027485
>>> logs [ undefined ]
