started at 2021-10-17T14:26:47.502Z
new block 11853404
fromQueryFilter 11182464103572829637820916,103550180160107755055154
fromContract    11182464103572829637820916,103550180160107755055154
new block 11853405
new block 11853406
new block 11853407
new block 11853408
new block 11853409
new block 11853410
new block 11853411
new block 11853412
new block 11853413
fromQueryFilter 11182514753571958012010172,103550649181647755055154
fromQueryFilter 11182514753571958012010172,103550649181647755055154
new block 11853414
fromQueryFilter 11182514753571958012010172,103550649181647755055154
fromContract    11182514753571958012010172,103550649181647755055154
new block 11853415
new block 11853416
new block 11853417
new block 11853418
fromContract    11177454167287476000161666,103597649181647755055154
fromQueryFilter 11177454167287476000161666,103597649181647755055154
new block 11853419
new block 11853420
new block 11853421
new block 11853422
new block 11853423
new block 11853424
new block 11853425
fromContract    11177441957912148799275003,103597762627342065787598
fromQueryFilter 11177441957912148799275003,103597762627342065787598
new block 11853426
new block 11853427
new block 11853428
new block 11853429
new block 11853430
new block 11853431
new block 11853432
fromContract    11177373412951196723401735,103598399530269580629319
fromContract    11182523338442314017049887,103646132035829580629319
fromQueryFilter 11177373412951196723401735,103598399530269580629319
fromQueryFilter 11182523338442314017049887,103646132035829580629319
new block 11853433
new block 11853434
new block 11853435
fromContract    11181970750341374935386346,103641010327827016478647
fromQueryFilter 11181970750341374935386346,103641010327827016478647
fromQueryFilter 11182067187227993310052896,103640118736910138739686
new block 11853436
new block 11853437
fromQueryFilter 11182067187227993310052896,103640118736910138739686
fromContract    11182067187227993310052896,103640118736910138739686
new block 11853438
fromContract    11182093687227993310052896,103639873738336390240574
fromQueryFilter 11182093687227993310052896,103639873738336390240574
new block 11853439
new block 11853440
new block 11853441
fromContract    11182646277227993310052896,103634765181061519542092
fromQueryFilter 11182646277227993310052896,103634765181061519542092
fromQueryFilter 11182646277227993310052896,103634765181061519542092
new block 11853442
new block 11853443
fromQueryFilter 11182644727289528334978448,103634779581061519542092
fromContract    11182644727289528334978448,103634779581061519542092
new block 11853444
new block 11853445
new block 11853446
new block 11853447
new block 11853448
new block 11853449
fromContract    11180372187289528334978448,103655897343434878139699
fromQueryFilter 11180372187289528334978448,103655897343434878139699
new block 11853450
new block 11853451
new block 11853452
new block 11853453
new block 11853454
new block 11853455
new block 11853456
new block 11853457
new block 11853458
fromQueryFilter 11180398676499070874184198,103656142931214878139699
new block 11853459
fromContract    11180398676499070874184198,103656142931214878139699
fromQueryFilter 11180398676499070874184198,103656142931214878139699
new block 11853460
new block 11853461
fromQueryFilter 11180448676499070874184198,103655680530256197356697
fromQueryFilter 11180429001891375928543560,103655863394088136593325
fromQueryFilter 11180448676499070874184198,103655680530256197356697
fromQueryFilter 11180429001891375928543560,103655863394088136593325
fromContract    11180448676499070874184198,103655680530256197356697
fromContract    11180429001891375928543560,103655863394088136593325
new block 11853462
new block 11853463
new block 11853464
new block 11853465
new block 11853466
new block 11853467
new block 11853468
new block 11853469
new block 11853470
new block 11853471
new block 11853472
new block 11853473
new block 11853474
new block 11853475
new block 11853476
new block 11853477
new block 11853478
fromContract    11180386002001040446332661,103656263054856730147094
fromQueryFilter 11180386002001040446332661,103656263054856730147094
new block 11853479
new block 11853480
new block 11853481
new block 11853482
new block 11853483
new block 11853484
new block 11853485
fromContract    11180346002001040446332661,103656634836027614223730
fromQueryFilter 11180346002001040446332661,103656634836027614223730
fromQueryFilter 11180346002001040446332661,103656634836027614223730
new block 11853486
new block 11853487
new block 11853488
new block 11853489
new block 11853490
new block 11853491
new block 11853492
new block 11853493
new block 11853494
fromQueryFilter 11180347732000573469063130,103656650875417614223730
new block 11853495
new block 11853496
fromContract    11180347732000573469063130,103656650875417614223730
fromQueryFilter 11180347732000573469063130,103656650875417614223730
new block 11853497
new block 11853498
new block 11853499
new block 11853500
fromQueryFilter 11180350117275444278779477,103656628816047553479856
new block 11853501
new block 11853502
fromQueryFilter 11180350117275444278779477,103656628816047553479856
fromContract    11180350117275444278779477,103656628816047553479856
new block 11853503
new block 11853504
new block 11853505
fromContract    11180353160453029048421160,103656600672310839546357
fromQueryFilter 11180353160453029048421160,103656600672310839546357
new block 11853506
new block 11853507
new block 11853508
new block 11853509
new block 11853510
new block 11853511
new block 11853512
new block 11853513
new block 11853514
fromContract    11180106558698515176301499,103658892776090839546357
fromQueryFilter 11180106558698515176301499,103658892776090839546357
new block 11853515
new block 11853516
new block 11853517
new block 11853518
new block 11853519
new block 11853520
new block 11853521
new block 11853522
new block 11853523
fromContract    11180102823104833948338112,103658858140687069071975
fromQueryFilter 11180102823104833948338112,103658858140687069071975
fromQueryFilter 11180102823104833948338112,103658858140687069071975
new block 11853524
new block 11853525
fromQueryFilter 11177139283104833948338112,103686411442330649609237
fromQueryFilter 11172555022623236180313880,103729062099187122193429
fromQueryFilter 11171981081891072168849397,103734404351583288328213
fromContract    11177139283104833948338112,103686411442330649609237
fromContract    11172555022623236180313880,103729062099187122193429
fromContract    11171981081891072168849397,103734404351583288328213
new block 11853526
new block 11853527
new block 11853528
new block 11853529
new block 11853530
new block 11853531
fromContract    11170209241891072168849397,103750900141104103863456
fromQueryFilter 11170209241891072168849397,103750900141104103863456
new block 11853532
fromQueryFilter 11170213021891072168849397,103750865119573530423658
new block 11853533
fromQueryFilter 11170213021891072168849397,103750865119573530423658
fromContract    11170213021891072168849397,103750865119573530423658
new block 11853534
new block 11853535
new block 11853536
fromQueryFilter 11170225009891072168849397,103750754051447341744133
fromContract    11170225009891072168849397,103750754051447341744133
new block 11853537
new block 11853538
new block 11853539
new block 11853540
new block 11853541
new block 11853542
new block 11853543
new block 11853544
fromContract    11170192927015267041793909,103750456060802213877795
fromQueryFilter 11170192927015267041793909,103750456060802213877795
new block 11853545
new block 11853546
new block 11853547
new block 11853548
fromQueryFilter 11170085533171014363971070,103751456060802213877795
fromContract    11170085533171014363971070,103751456060802213877795
new block 11853549
new block 11853550
new block 11853551
new block 11853552
new block 11853553
new block 11853554
new block 11853555
new block 11853556
new block 11853557
new block 11853558
new block 11853559
new block 11853560
new block 11853561
new block 11853562
new block 11853563
new block 11853564
new block 11853565
new block 11853566
new block 11853567
new block 11853568
new block 11853569
fromContract    11170052512677977986527797,103751149355520307484646
fromQueryFilter 11170052512677977986527797,103751149355520307484646
fromQueryFilter 11170052512677977986527797,103751149355520307484646
new block 11853570
new block 11853571
new block 11853572
new block 11853573
new block 11853574
fromQueryFilter 11170159902677146539124946,103752146829420307484646
fromQueryFilter 11170379902677146539124946,103750108545141603959616
fromQueryFilter 11170159902677146539124946,103752146829420307484646
fromQueryFilter 11170379902677146539124946,103750108545141603959616
fromContract    11170159902677146539124946,103752146829420307484646
fromContract    11170379902677146539124946,103750108545141603959616
new block 11853575
new block 11853576
new block 11853577
new block 11853578
new block 11853579
new block 11853580
new block 11853581
new block 11853582
fromQueryFilter 11170369902677146539124946,103750201657665885643090
fromContract    11170369902677146539124946,103750201657665885643090
new block 11853583
new block 11853584
fromQueryFilter 11170402923170182916568219,103749895731536533806797
new block 11853585
new block 11853586
fromQueryFilter 11170402923170182916568219,103749895731536533806797
fromQueryFilter 11170141806842492626739187,103747470501940251627737
fromContract    11170402923170182916568219,103749895731536533806797
fromContract    11170141806842492626739187,103747470501940251627737
fromQueryFilter 11170141806842492626739187,103747470501940251627737
new block 11853587
new block 11853588
new block 11853589
fromQueryFilter 11170144673403947430274389,103747443944092292777991
fromContract    11170144673403947430274389,103747443944092292777991
new block 11853590
new block 11853591
new block 11853592
new block 11853593
new block 11853594
new block 11853595
fromQueryFilter 11170154673403916715659258,103747536823322292777991
new block 11853596
new block 11853597
fromContract    11170154673403916715659258,103747536823322292777991
fromQueryFilter 11170154673403916715659258,103747536823322292777991
new block 11853598
new block 11853599
new block 11853600
new block 11853601
new block 11853602
new block 11853603
new block 11853604
new block 11853605
new block 11853606
fromContract    11170100974896638253448863,103748036823322292777991
fromQueryFilter 11170100974896638253448863,103748036823322292777991
new block 11853607
fromContract    11170076139980235568982273,103748268068961765588565
fromQueryFilter 11170076139980235568982273,103748268068961765588565
new block 11853608
new block 11853609
new block 11853610
new block 11853611
new block 11853612
new block 11853613
new block 11853614
new block 11853615
new block 11853616
new block 11853617
new block 11853618
fromQueryFilter 11170156282000084792294156,103747525571792622489376
fromQueryFilter 11170156282000084792294156,103747525571792622489376
fromContract    11170156282000084792294156,103747525571792622489376
new block 11853619
new block 11853620
new block 11853621
new block 11853622
new block 11853623
new block 11853624
new block 11853625
new block 11853626
new block 11853627
new block 11853628
new block 11853629
new block 11853630
new block 11853631
new block 11853632
new block 11853633
new block 11853634
new block 11853635
new block 11853636
fromQueryFilter 11170123753674727272746901,103747828450374772147879
fromQueryFilter 11170124843667989302862337,103747838574204772147879
fromContract    11170123753674727272746901,103747828450374772147879
new block 11853637
fromQueryFilter 11170124843667989302862337,103747838574204772147879
fromContract    11170124843667989302862337,103747838574204772147879
new block 11853638
new block 11853639
fromContract    11170128843667989302862337,103747801515198374354614
fromQueryFilter 11170128843667989302862337,103747801515198374354614
fromQueryFilter 11170128843667989302862337,103747801515198374354614
new block 11853640
new block 11853641
new block 11853642
new block 11853643
new block 11853644
fromQueryFilter 11170133759341790046342188,103747755972737967133040
fromContract    11170133759341790046342188,103747755972737967133040
new block 11853645
new block 11853646
fromContract    11170141346796142409426547,103747685676992716301663
fromQueryFilter 11170141346796142409426547,103747685676992716301663
fromQueryFilter 11170141346796142409426547,103747685676992716301663
new block 11853647
new block 11853648
new block 11853649
new block 11853650
new block 11853651
new block 11853652
new block 11853653
new block 11853654
fromQueryFilter 11170148694447211288698728,103747617603051972534336
fromContract    11170148694447211288698728,103747617603051972534336
new block 11853655
new block 11853656
new block 11853657
new block 11853658
new block 11853659
new block 11853660
new block 11853661
new block 11853662
new block 11853663
new block 11853664
new block 11853665
new block 11853666
new block 11853667
new block 11853668
new block 11853669
new block 11853670
new block 11853671
new block 11853672
new block 11853673
new block 11853674
new block 11853675
new block 11853676
new block 11853677
new block 11853678
new block 11853679
new block 11853680
new block 11853681
new block 11853682
new block 11853683
new block 11853684
new block 11853685
new block 11853686
new block 11853687
new block 11853688
new block 11853689
new block 11853690
new block 11853691
new block 11853692
new block 11853693
new block 11853694
new block 11853695
new block 11853696
new block 11853697
new block 11853698
new block 11853699
new block 11853700
new block 11853701
new block 11853702
new block 11853703
fromContract    11170151414447211288698728,103747592403032222767047
fromQueryFilter 11170151414447211288698728,103747592403032222767047
new block 11853704
fromQueryFilter 11170148192524881151450337,103747622403032222767047
fromContract    11170148192524881151450337,103747622403032222767047
new block 11853705
new block 11853706
fromQueryFilter 11170229402524871151450337,103746870020882924230124
fromQueryFilter 11170239350524871151450337,103746777856906101829460
fromContract    11170229402524871151450337,103746870020882924230124
new block 11853707
new block 11853708
new block 11853709
new block 11853710
new block 11853711
new block 11853712
new block 11853713
new block 11853714
new block 11853715
new block 11853716
new block 11853717
new block 11853718
new block 11853719
new block 11853720
new block 11853721
new block 11853722
new block 11853723
new block 11853724
new block 11853725
new block 11853726
fromContract    11170170820785678433743259,103747415945493938625900
fromQueryFilter 11170170820785678433743259,103747415945493938625900
new block 11853727
SYNC-EVENT: 16:28.856 (m:ss.mmm) found missing event 11170239350524871151450337,103746777856906101829460 {
  fromContract: undefined,
  fromQueryFilter: true,
  received: 1634481733393
}
