started at 2021-10-20T17:27:16.288Z
new block 11942327
new block 11942328
new block 11942329
new block 11942330
new block 11942331
fromQueryFilter 11449526030224286949465615,100779546814804996168885
fromQueryFilter 11449526030224286949465615,100779546814804996168885
new block 11942332
new block 11942333
new block 11942334
new block 11942335
fromQueryFilter 11449531030224286949465615,100779502914492488980759
new block 11942336
new block 11942337
fromContract    11449530968224286949465615,100779503461588188443632
fromQueryFilter 11449530968224286949465615,100779503461588188443632
fromQueryFilter 11449530968224286949465615,100779503461588188443632
new block 11942338
fromQueryFilter 11449530906224286949465615,100779504008683893839052
new block 11942339
fromQueryFilter 11449530906224286949465615,100779504008683893839052
new block 11942340
new block 11942341
new block 11942342
new block 11942343
new block 11942344
new block 11942345
new block 11942346
new block 11942347
new block 11942348
new block 11942349
fromContract    11449557906223323921509763,100779741664403893839052
fromQueryFilter 11449557906223323921509763,100779741664403893839052
fromQueryFilter 11449557906223323921509763,100779741664403893839052
new block 11942350
SYNC-EVENT: 1:13.084 (m:ss.mmm) found missing event 11449526030224286949465615,100779546814804996168885 {
  fromContract: undefined,
  fromQueryFilter: true,
  received: 1634750849026
}
