started at 2021-10-20T17:28:31.713Z
new block 11942351
new block 11942352
new block 11942353
new block 11942354
new block 11942355
new block 11942356
new block 11942357
fromContract    11449746056223323921509763,100778089723408231024281
fromQueryFilter 11449746056223323921509763,100778089723408231024281
fromQueryFilter 11449746056223323921509763,100778089723408231024281
new block 11942358
new block 11942359
new block 11942360
new block 11942361
new block 11942362
new block 11942363
new block 11942364
new block 11942365
fromQueryFilter 11449745994223323921509763,100778090270485984478546
fromContract    11449745994223323921509763,100778090270485984478546
new block 11942366
new block 11942367
new block 11942368
new block 11942369
new block 11942370
new block 11942371
new block 11942372
new block 11942373
fromQueryFilter 11449747994223323921509763,100778072710947531854699
fromQueryFilter 11449747994223323921509763,100778072710947531854699
fromContract    11449747994223323921509763,100778072710947531854699
new block 11942374
new block 11942375
new block 11942376
new block 11942377
new block 11942378
new block 11942379
new block 11942380
new block 11942381
fromQueryFilter 11449743019160550772513967,100778028921578704969185
new block 11942382
new block 11942383
fromQueryFilter 11449743019160550772513967,100778028921578704969185
fromContract    11449743019160550772513967,100778028921578704969185
new block 11942384
new block 11942385
fromContract    11449742957160550772513967,100778029468656273471538
fromQueryFilter 11449742957160550772513967,100778029468656273471538
new block 11942386
new block 11942387
fromQueryFilter 11449748727160550772513967,100777978809421602767536
fromQueryFilter 11449748727160550772513967,100777978809421602767536
new block 11942388
fromQueryFilter 11449748727160550772513967,100777978809421602767536
fromContract    11449748727160550772513967,100777978809421602767536
new block 11942389
new block 11942390
new block 11942391
new block 11942392
new block 11942393
new block 11942394
new block 11942395
new block 11942396
new block 11942397
new block 11942398
new block 11942399
fromQueryFilter 11449752727160550772513967,100777943690398041068216
new block 11942400
fromQueryFilter 11449762727160550772513967,100777855892946298070119
new block 11942401
new block 11942402
fromQueryFilter 11449762727160550772513967,100777855892946298070119
fromContract    11449762727160550772513967,100777855892946298070119
new block 11942403
new block 11942404
fromQueryFilter 11449774003887984916482756,100777955147790209060407
new block 11942405
new block 11942406
fromContract    11449907439965435821578566,100776783627675132795830
fromQueryFilter 11449907439965435821578566,100776783627675132795830
new block 11942407
new block 11942408
fromContract    11449907377965435821578566,100776784174738085227069
fromQueryFilter 11449907377965435821578566,100776784174738085227069
fromQueryFilter 11449907377965435821578566,100776784174738085227069
new block 11942409
new block 11942410
fromQueryFilter 11449918017965435821578566,100776877823092453814705
fromQueryFilter 11449918017965435821578566,100776877823092453814705
fromContract    11449918017965435821578566,100776877823092453814705
new block 11942411
new block 11942412
new block 11942413
new block 11942414
fromQueryFilter 11449918983355738169194074,100776869347416934936980
fromQueryFilter 11449918983355738169194074,100776869347416934936980
fromContract    11449918983355738169194074,100776869347416934936980
new block 11942415
new block 11942416
new block 11942417
new block 11942418
new block 11942419
fromQueryFilter 11449923528016478169194074,100776909347410147909536
fromContract    11449923528016478169194074,100776909347410147909536
new block 11942420
SYNC-EVENT: 3:29.203 (m:ss.mmm) found missing event 11449752727160550772513967,100777943690398041068216 {
  fromContract: undefined,
  fromQueryFilter: true,
  received: 1634751057376
}
