started at 2021-11-05T18:12:47.742Z
new block 12394882
new block 12394883
new block 12394884
new block 12394885
new block 12394886
new block 12394887
new block 12394888
new block 12394889
new block 12394890
fromContract    11994463247095118167952213,82184437351729054258381 12394890
fromQueryFilter 11994463247095118167952213,82184437351729054258381 12394890
new block 12394891
new block 12394892
new block 12394893
fromContract    11994466747095118167952213,82184413430163955665976 12394892
fromQueryFilter 11994466747095118167952213,82184413430163955665976 12394892
new block 12394894
new block 12394895
new block 12394896
new block 12394897
new block 12394898
new block 12394899
new block 12394900
new block 12394901
new block 12394902
new block 12394903
fromQueryFilter 11994451747095118167952213,82184516465789686071153 12394903
fromContract    11994451747095118167952213,82184516465789686071153 12394903
fromQueryFilter 11994451747095118167952213,82184516465789686071153 12394903
new block 12394904
new block 12394905
new block 12394906
new block 12394907
new block 12394908
new block 12394909
new block 12394910
new block 12394911
new block 12394912
new block 12394913
new block 12394914
new block 12394915
new block 12394916
new block 12394917
new block 12394918
new block 12394919
new block 12394920
new block 12394921
new block 12394922
new block 12394923
fromContract    11994475798756686576846343,82184352079072523590078 12394923
fromQueryFilter 11994475798756686576846343,82184352079072523590078 12394923
fromQueryFilter 11994475798756686576846343,82184352079072523590078 12394923
new block 12394924
new block 12394925
new block 12394926
new block 12394927
new block 12394928
new block 12394929
new block 12394930
new block 12394931
fromContract    11994475798744403490657281,82184352078988361722823 12394931
fromQueryFilter 11994475798744403490657281,82184352078988361722823 12394931
new block 12394932
new block 12394933
new block 12394934
new block 12394935
new block 12394936
new block 12394937
new block 12394938
new block 12394939
new block 12394940
new block 12394941
new block 12394942
fromContract    11995712129855604262657281,82175902969951033627395 12394941
fromQueryFilter 11995712129855604262657281,82175902969951033627395 12394941
fromQueryFilter 11995712129855604262657281,82175902969951033627395 12394941
new block 12394943
fromQueryFilter 11997339721084081319957281,82164782633670745483725 12394943
fromContract    11997339721084081319957281,82164782633670745483725 12394943
new block 12394944
new block 12394945
new block 12394946
new block 12394947
new block 12394948
fromContract    11998223672349033401657281,82158744397952952063076 12394948
fromContract    11998152186317715467565567,82159235133717059236190 12394948
fromQueryFilter 11998223672349033401657281,82158744397952952063076 12394948
fromQueryFilter 11998152186317715467565567,82159235133717059236190 12394948
new block 12394949
new block 12394950
new block 12394951
new block 12394952
new block 12394953
new block 12394954
fromQueryFilter 11998159186317715467565567,82159187319977363890174 12394954
fromContract    11998159186317715467565567,82159187319977363890174 12394954
fromQueryFilter 11998159186317715467565567,82159187319977363890174 12394954
new block 12394955
new block 12394956
new block 12394957
new block 12394958
new block 12394959
new block 12394960
fromQueryFilter 11998137033003714225618748,82159339398580865304611 12394959
fromContract    11998137033003714225618748,82159339398580865304611 12394959
new block 12394961
new block 12394962
new block 12394963
new block 12394964
new block 12394965
new block 12394966
new block 12394967
new block 12394968
new block 12394969
new block 12394970
new block 12394971
new block 12394972
new block 12394973
new block 12394974
new block 12394975
new block 12394976
new block 12394977
new block 12394978
new block 12394979
new block 12394980
new block 12394981
new block 12394982
new block 12394983
new block 12394984
new block 12394985
new block 12394986
new block 12394987
new block 12394988
new block 12394989
new block 12394990
new block 12394991
new block 12394992
new block 12394993
new block 12394994
new block 12394995
new block 12394996
new block 12394997
new block 12394998
new block 12394999
new block 12395000
new block 12395001
new block 12395002
new block 12395003
fromQueryFilter 11998237033003714225618748,82158656348708352557393 12395003
fromContract    11998237033003714225618748,82158656348708352557393 12395003
fromQueryFilter 11998237033003714225618748,82158656348708352557393 12395003
new block 12395004
new block 12395005
new block 12395006
new block 12395007
new block 12395008
new block 12395009
new block 12395010
new block 12395011
new block 12395012
new block 12395013
new block 12395014
new block 12395015
new block 12395016
new block 12395017
new block 12395018
new block 12395019
new block 12395020
new block 12395021
new block 12395022
new block 12395023
new block 12395024
new block 12395025
new block 12395026
new block 12395027
new block 12395028
new block 12395029
new block 12395030
new block 12395031
new block 12395032
new block 12395033
new block 12395034
new block 12395035
new block 12395036
new block 12395037
new block 12395038
new block 12395039
new block 12395040
new block 12395041
new block 12395042
fromQueryFilter 11998805187944142409818748,82154775782773214453158 12395039
fromQueryFilter 11998804187944142409818748,82154782612569547462353 12395035
fromQueryFilter 11998805187944142409818748,82154775782773214453158 12395039
fromQueryFilter 11998804187944142409818748,82154782612569547462353 12395035
fromQueryFilter 11998805187944142409818748,82154775782773214453158 12395039
fromQueryFilter 11998805187944142409818748,82154775782773214453158 12395039
fromQueryFilter 11998801187944142409818748,82154803101965372699594 12395033
fromQueryFilter 11998804187944142409818748,82154782612569547462353 12395035
fromQueryFilter 11998805187944142409818748,82154775782773214453158 12395039
fromQueryFilter 11998801187944142409818748,82154803101965372699594 12395033
fromQueryFilter 11998804187944142409818748,82154782612569547462353 12395035
fromQueryFilter 11998805187944142409818748,82154775782773214453158 12395039
fromQueryFilter 11998801187944142409818748,82154803101965372699594 12395033
fromQueryFilter 11998804187944142409818748,82154782612569547462353 12395035
fromQueryFilter 11998805187944142409818748,82154775782773214453158 12395039
fromQueryFilter 11998801187944142409818748,82154803101965372699594 12395033
fromQueryFilter 11998804187944142409818748,82154782612569547462353 12395035
fromQueryFilter 11998805187944142409818748,82154775782773214453158 12395039
fromQueryFilter 11998801187944142409818748,82154803101965372699594 12395033
fromQueryFilter 11998804187944142409818748,82154782612569547462353 12395035
fromQueryFilter 11998805187944142409818748,82154775782773214453158 12395039
fromQueryFilter 11998801187944142409818748,82154803101965372699594 12395033
fromQueryFilter 11998804187944142409818748,82154782612569547462353 12395035
fromQueryFilter 11998805187944142409818748,82154775782773214453158 12395039
fromQueryFilter 11998257033003714225618748,82158519740099578918807 12395026
fromQueryFilter 11998801187944142409818748,82154803101965372699594 12395033
fromQueryFilter 11998804187944142409818748,82154782612569547462353 12395035
fromQueryFilter 11998805187944142409818748,82154775782773214453158 12395039
fromQueryFilter 11998257033003714225618748,82158519740099578918807 12395026
fromQueryFilter 11998801187944142409818748,82154803101965372699594 12395033
fromQueryFilter 11998804187944142409818748,82154782612569547462353 12395035
fromQueryFilter 11998805187944142409818748,82154775782773214453158 12395039
fromQueryFilter 11998257033003714225618748,82158519740099578918807 12395026
fromQueryFilter 11998801187944142409818748,82154803101965372699594 12395033
fromQueryFilter 11998804187944142409818748,82154782612569547462353 12395035
fromQueryFilter 11998805187944142409818748,82154775782773214453158 12395039
fromQueryFilter 11998801187944142409818748,82154803101965372699594 12395033
fromQueryFilter 11998804187944142409818748,82154782612569547462353 12395035
fromQueryFilter 11998805187944142409818748,82154775782773214453158 12395039
fromQueryFilter 11998257033003714225618748,82158519740099578918807 12395026
fromQueryFilter 11998801187944142409818748,82154803101965372699594 12395033
fromQueryFilter 11998804187944142409818748,82154782612569547462353 12395035
fromQueryFilter 11998805187944142409818748,82154775782773214453158 12395039
fromContract    11998257033003714225618748,82158519740099578918807 12395026
fromContract    11998801187944142409818748,82154803101965372699594 12395033
fromContract    11998804187944142409818748,82154782612569547462353 12395035
fromQueryFilter 11998257033003714225618748,82158519740099578918807 12395026
fromQueryFilter 11998801187944142409818748,82154803101965372699594 12395033
fromQueryFilter 11998804187944142409818748,82154782612569547462353 12395035
fromQueryFilter 11998257033003714225618748,82158519740099578918807 12395026
fromQueryFilter 11998801187944142409818748,82154803101965372699594 12395033
fromQueryFilter 11998804187944142409818748,82154782612569547462353 12395035
fromQueryFilter 11998257033003714225618748,82158519740099578918807 12395026
fromQueryFilter 11998801187944142409818748,82154803101965372699594 12395033
fromQueryFilter 11998804187944142409818748,82154782612569547462353 12395035
fromQueryFilter 11998257033003714225618748,82158519740099578918807 12395026
fromQueryFilter 11998801187944142409818748,82154803101965372699594 12395033
fromQueryFilter 11998804187944142409818748,82154782612569547462353 12395035
fromQueryFilter 11998257033003714225618748,82158519740099578918807 12395026
fromQueryFilter 11998801187944142409818748,82154803101965372699594 12395033
fromQueryFilter 11998804187944142409818748,82154782612569547462353 12395035
fromQueryFilter 11998257033003714225618748,82158519740099578918807 12395026
fromQueryFilter 11998801187944142409818748,82154803101965372699594 12395033
fromQueryFilter 11998804187944142409818748,82154782612569547462353 12395035
new block 12395043
new block 12395044
new block 12395045
new block 12395046
new block 12395047
new block 12395048
new block 12395049
new block 12395050
new block 12395051
new block 12395052
SYNC-EVENT: 8:32.616 (m:ss.mmm) found missing event 11998805187944142409818748,82154775782773214453158 {
  fromContract: undefined,
  fromQueryFilter: 12395039,
  received: 1636136447924
}
fromGetLogs 11998805187944142409818748,82154775782773214453158 12395039
