started at 2021-10-17T14:43:18.498Z
new block 11853728
new block 11853729
new block 11853730
new block 11853731
new block 11853732
fromQueryFilter 11170172760785678433743259,103747397972019727115803
fromQueryFilter 11170172760785678433743259,103747397972019727115803
fromContract    11170172760785678433743259,103747397972019727115803
new block 11853733
new block 11853734
new block 11853735
fromContract    11170272760785678433743259,103748326761575572109089
fromQueryFilter 11170272760785678433743259,103748326761575572109089
new block 11853736
new block 11853737
new block 11853738
new block 11853739
new block 11853740
new block 11853741
new block 11853742
new block 11853743
new block 11853744
new block 11853745
new block 11853746
new block 11853747
new block 11853748
new block 11853749
new block 11853750
new block 11853751
new block 11853752
new block 11853753
new block 11853754
new block 11853755
new block 11853756
new block 11853757
new block 11853758
new block 11853759
new block 11853760
new block 11853761
new block 11853762
new block 11853763
new block 11853764
new block 11853765
new block 11853766
new block 11853767
new block 11853768
new block 11853769
fromQueryFilter 11170302400785678433743259,103748052157311113477016
new block 11853770
new block 11853771
fromContract    11170302400785678433743259,103748052157311113477016
fromQueryFilter 11170302400785678433743259,103748052157311113477016
new block 11853772
new block 11853773
fromContract    11170302012772870993589473,103748055770146657065759
fromContract    11170302400785678433743259,103748059373950237291372
fromQueryFilter 11170302012772870993589473,103748055770146657065759
fromQueryFilter 11170302400785678433743259,103748059373950237291372
fromQueryFilter 11170302012772870993589473,103748055770146657065759
fromQueryFilter 11170302400785678433743259,103748059373950237291372
new block 11853774
new block 11853775
new block 11853776
new block 11853777
new block 11853778
new block 11853779
new block 11853780
new block 11853781
new block 11853782
new block 11853783
new block 11853784
new block 11853785
new block 11853786
new block 11853787
new block 11853788
new block 11853789
new block 11853790
fromContract    11170346446272602170375857,103747651310532070751375
fromQueryFilter 11170346446272602170375857,103747651310532070751375
fromQueryFilter 11169846446272602170375857,103752307044654604570524
new block 11853791
new block 11853792
fromContract    11169846446272602170375857,103752307044654604570524
fromContract    11169846946272602170375857,103752302411962375821568
fromQueryFilter 11169846446272602170375857,103752307044654604570524
fromQueryFilter 11169846946272602170375857,103752302411962375821568
fromQueryFilter 11169846946272602170375857,103752302411962375821568
new block 11853793
new block 11853794
new block 11853795
new block 11853796
new block 11853797
new block 11853798
new block 11853799
new block 11853800
new block 11853801
fromContract    11169865696272602170375857,103752128686302465723566
fromQueryFilter 11169865696272602170375857,103752128686302465723566
fromQueryFilter 11169865696272602170375857,103752128686302465723566
new block 11853802
new block 11853803
new block 11853804
new block 11853805
new block 11853806
new block 11853807
fromQueryFilter 11169848204510304726203982,103751966212766777622599
new block 11853808
new block 11853809
fromContract    11169848204510304726203982,103751966212766777622599
fromQueryFilter 11169848204510304726203982,103751966212766777622599
new block 11853810
new block 11853811
fromQueryFilter 11170359914510077644310044,103756719269176777622599
new block 11853812
new block 11853813
fromContract    11170359914510077644310044,103756719269176777622599
fromQueryFilter 11170359914510077644310044,103756719269176777622599
new block 11853814
new block 11853815
new block 11853816
new block 11853817
new block 11853818
fromQueryFilter 11170370144509406964746048,103756814291286777622599
fromContract    11170370144509406964746048,103756814291286777622599
new block 11853819
new block 11853820
new block 11853821
new block 11853822
new block 11853823
new block 11853824
new block 11853825
fromQueryFilter 11170389104509406964746048,103756638620491791616706
fromQueryFilter 11170389104509406964746048,103756638620491791616706
fromContract    11170389104509406964746048,103756638620491791616706
new block 11853826
new block 11853827
new block 11853828
fromContract    11170393520924675341796624,103756597701000317382701
fromQueryFilter 11170393520924675341796624,103756597701000317382701
new block 11853829
fromContract    11170407117803802044116773,103756471721795424846920
fromQueryFilter 11170407117803802044116773,103756471721795424846920
new block 11853830
new block 11853831
new block 11853832
new block 11853833
new block 11853834
new block 11853835
new block 11853836
new block 11853837
new block 11853838
fromQueryFilter 11170504706596691114081028,103755567541040519948957
fromContract    11170504706596691114081028,103755567541040519948957
new block 11853839
new block 11853840
new block 11853841
fromQueryFilter 11170487214623766222398082,103755405069457909820674
fromQueryFilter 11170487214623766222398082,103755405069457909820674
fromContract    11170487214623766222398082,103755405069457909820674
new block 11853842
new block 11853843
new block 11853844
new block 11853845
new block 11853846
new block 11853847
new block 11853848
new block 11853849
new block 11853850
new block 11853851
new block 11853852
new block 11853853
new block 11853854
new block 11853855
new block 11853856
new block 11853857
new block 11853858
new block 11853859
new block 11853860
fromQueryFilter 11170528144623766222398082,103755025849071762574501
new block 11853861
new block 11853862
fromQueryFilter 11170528144623766222398082,103755025849071762574501
fromContract    11170528144623766222398082,103755025849071762574501
new block 11853863
new block 11853864
new block 11853865
new block 11853866
new block 11853867
new block 11853868
new block 11853869
new block 11853870
fromQueryFilter 11170553925327124904494450,103754786989800972598253
new block 11853871
new block 11853872
fromContract    11170553925327124904494450,103754786989800972598253
fromQueryFilter 11170553925327124904494450,103754786989800972598253
new block 11853873
new block 11853874
fromContract    11170567379306701473898789,103754662338567505143050
fromQueryFilter 11170567379306701473898789,103754662338567505143050
new block 11853875
new block 11853876
fromContract    11170566305365575508686277,103754672338567505143050
fromQueryFilter 11170566305365575508686277,103754672338567505143050
fromQueryFilter 11170566305365575508686277,103754672338567505143050
new block 11853877
new block 11853878
new block 11853879
new block 11853880
new block 11853881
new block 11853882
new block 11853883
new block 11853884
new block 11853885
new block 11853886
fromQueryFilter 11170609414859239224673561,103754272930689328256430
new block 11853887
fromContract    11170609414859239224673561,103754272930689328256430
fromQueryFilter 11170609414859239224673561,103754272930689328256430
fromQueryFilter 11170629854859239224673561,103754462780433414936885
new block 11853888
new block 11853889
fromQueryFilter 11170629854859239224673561,103754462780433414936885
fromContract    11170629854859239224673561,103754462780433414936885
new block 11853890
new block 11853891
new block 11853892
new block 11853893
new block 11853894
new block 11853895
new block 11853896
new block 11853897
new block 11853898
new block 11853899
new block 11853900
new block 11853901
fromContract    11170656754859239224673561,103754213554480185188640
fromQueryFilter 11170656754859239224673561,103754213554480185188640
fromQueryFilter 11170656754859239224673561,103754213554480185188640
new block 11853902
new block 11853903
new block 11853904
new block 11853905
new block 11853906
new block 11853907
fromContract    11170730754859239224673561,103753527957667548030925
fromQueryFilter 11170730754859239224673561,103753527957667548030925
new block 11853908
new block 11853909
new block 11853910
new block 11853911
new block 11853912
new block 11853913
new block 11853914
fromQueryFilter 11170750754859239224673561,103753342662790109303782
new block 11853915
fromQueryFilter 11170750754859239224673561,103753342662790109303782
fromContract    11170750754859239224673561,103753342662790109303782
new block 11853916
new block 11853917
new block 11853918
fromQueryFilter 11170777467581024552455649,103753590769138345861083
fromQueryFilter 11170777467581024552455649,103753590769138345861083
new block 11853919
fromQueryFilter 11170777467581024552455649,103753590769138345861083
fromContract    11170777467581024552455649,103753590769138345861083
new block 11853920
new block 11853921
new block 11853922
fromQueryFilter 11170797792040040681084113,103753402468910100593060
fromContract    11170797792040040681084113,103753402468910100593060
new block 11853923
new block 11853924
new block 11853925
new block 11853926
new block 11853927
fromQueryFilter 11170792708946228877225898,103753449798590898700660
fromQueryFilter 11170792708946228877225898,103753449798590898700660
fromQueryFilter 11170792708946228877225898,103753449798590898700660
fromContract    11170792708946228877225898,103753449798590898700660
new block 11853928
new block 11853929
new block 11853930
new block 11853931
new block 11853932
new block 11853933
new block 11853934
new block 11853935
new block 11853936
fromQueryFilter 11170788708946228877225898,103753487043403675101719
fromQueryFilter 11170788708946228877225898,103753487043403675101719
fromQueryFilter 11170788708946228877225898,103753487043403675101719
new block 11853937
new block 11853938
fromQueryFilter 11170827636743010137661752,103753126389959862895647
new block 11853939
new block 11853940
fromQueryFilter 11170827636743010137661752,103753126389959862895647
fromContract    11170827636743010137661752,103753126389959862895647
new block 11853941
fromContract    11170836646743010137661752,103753042915582699414337
fromQueryFilter 11170836646743010137661752,103753042915582699414337
new block 11853942
new block 11853943
new block 11853944
new block 11853945
new block 11853946
new block 11853947
new block 11853948
new block 11853949
new block 11853950
new block 11853951
new block 11853952
new block 11853953
new block 11853954
new block 11853955
new block 11853956
SYNC-EVENT: 11:28.623 (m:ss.mmm) found missing event 11170788708946228877225898,103753487043403675101719 {
  fromContract: undefined,
  fromQueryFilter: true,
  received: 1634482424369
}
