started at 2021-10-17T14:18:12.777Z
new block 11853232
new block 11853233
new block 11853234
fromContract    11183924293324891656178862,103557056294930362059266
fromQueryFilter 11183924293324891656178862,103557056294930362059266
new block 11853235
new block 11853236
new block 11853237
new block 11853238
new block 11853239
new block 11853240
new block 11853241
fromContract    11183891975105416406982044,103557356294930362059266
fromQueryFilter 11183891975105416406982044,103557356294930362059266
fromQueryFilter 11183896055105416406982044,103557318610591473636426
new block 11853242
new block 11853243
fromQueryFilter 11183896055105416406982044,103557318610591473636426
fromContract    11183896055105416406982044,103557318610591473636426
new block 11853244
new block 11853245
new block 11853246
new block 11853247
new block 11853248
new block 11853249
new block 11853250
new block 11853251
new block 11853252
new block 11853253
fromContract    11183888934482770382556039,103557384709306698296704
fromQueryFilter 11183888934482770382556039,103557384709306698296704
new block 11853254
new block 11853255
fromQueryFilter 11183908934457271063110454,103557569899365869702996
fromQueryFilter 11183908934457271063110454,103557569899365869702996
fromContract    11183908934457271063110454,103557569899365869702996
new block 11853256
fromQueryFilter 11184082735729464861021041,103555964632092545461919
fromContract    11184082735729464861021041,103555964632092545461919
new block 11853257
new block 11853258
new block 11853259
new block 11853260
new block 11853261
new block 11853262
new block 11853263
new block 11853264
new block 11853265
new block 11853266
new block 11853267
new block 11853268
new block 11853269
new block 11853270
new block 11853271
new block 11853272
new block 11853273
new block 11853274
new block 11853275
new block 11853276
new block 11853277
new block 11853278
new block 11853279
new block 11853280
new block 11853281
new block 11853282
new block 11853283
new block 11853284
new block 11853285
new block 11853286
new block 11853287
new block 11853288
new block 11853289
new block 11853290
new block 11853291
new block 11853292
new block 11853293
new block 11853294
new block 11853295
fromQueryFilter 11183497735729464861021041,103561395139695676968409
fromContract    11183497735729464861021041,103561395139695676968409
new block 11853296
fromQueryFilter 11183507803305802238501583,103561302145105680847735
fromContract    11183507803305802238501583,103561302145105680847735
new block 11853297
new block 11853298
new block 11853299
new block 11853300
new block 11853301
new block 11853302
new block 11853303
new block 11853304
new block 11853305
new block 11853306
new block 11853307
new block 11853308
new block 11853309
new block 11853310
new block 11853311
new block 11853312
new block 11853313
new block 11853314
new block 11853315
new block 11853316
fromQueryFilter 11182402126340104190277202,103551063376703722753838
new block 11853317
fromContract    11182402126340104190277202,103551063376703722753838
fromQueryFilter 11182402126340104190277202,103551063376703722753838
new block 11853318
new block 11853319
new block 11853320
new block 11853321
new block 11853322
new block 11853323
new block 11853324
new block 11853325
new block 11853326
new block 11853327
new block 11853328
new block 11853329
new block 11853330
new block 11853331
new block 11853332
fromQueryFilter 11182425166340104190277202,103550850555966198772550
fromContract    11182425166340104190277202,103550850555966198772550
new block 11853333
new block 11853334
new block 11853335
new block 11853336
new block 11853337
new block 11853338
new block 11853339
new block 11853340
new block 11853341
new block 11853342
new block 11853343
new block 11853344
new block 11853345
new block 11853346
new block 11853347
new block 11853348
new block 11853349
new block 11853350
new block 11853351
new block 11853352
fromQueryFilter 11182539746340104190277202,103549792192229503280856
fromContract    11182539746340104190277202,103549792192229503280856
new block 11853353
new block 11853354
new block 11853355
new block 11853356
fromContract    11182541764630084190277202,103549773549685730622860
fromQueryFilter 11182541764630084190277202,103549773549685730622860
new block 11853357
new block 11853358
new block 11853359
new block 11853360
new block 11853361
new block 11853362
new block 11853363
new block 11853364
new block 11853365
new block 11853366
new block 11853367
new block 11853368
new block 11853369
new block 11853370
new block 11853371
new block 11853372
new block 11853373
new block 11853374
new block 11853375
new block 11853376
new block 11853377
new block 11853378
new block 11853379
new block 11853380
new block 11853381
fromContract    11182520533184779467464713,103549576947571496595511
new block 11853382
new block 11853383
new block 11853384
fromContract    11182518533184779467464713,103549595513889878050269
fromQueryFilter 11182518533184779467464713,103549595513889878050269
new block 11853385
new block 11853386
new block 11853387
fromQueryFilter 11182514254659428503393621,103549635232144130582229
fromContract    11182514254659428503393621,103549635232144130582229
new block 11853388
new block 11853389
new block 11853390
new block 11853391
new block 11853392
new block 11853393
new block 11853394
new block 11853395
fromQueryFilter 11182510482059428503393621,103549670253835420742455
fromQueryFilter 11182510482059428503393621,103549670253835420742455
fromContract    11182510482059428503393621,103549670253835420742455
new block 11853396
new block 11853397
new block 11853398
new block 11853399
new block 11853400
new block 11853401
fromQueryFilter 11182514762055564609510881,103549709886455420742455
new block 11853402
SYNC-EVENT: 8:32.586 (m:ss.mmm) found missing event 11182520533184779467464713,103549576947571496595511 {
  fromContract: true,
  fromQueryFilter: undefined,
  received: 1634480742879
}
