started at 2021-10-17T14:54:49.254Z
new block 11853958
fromContract    11170716446260959390671752,103754162129546047109856
fromQueryFilter 11170716446260959390671752,103754162129546047109856
new block 11853959
new block 11853960
new block 11853961
new block 11853962
fromQueryFilter 11170717516237007167586805,103754172067536047109856
new block 11853963
new block 11853964
fromQueryFilter 11170717516237007167586805,103754172067536047109856
fromContract    11170717516237007167586805,103754172067536047109856
new block 11853965
new block 11853966
new block 11853967
new block 11853968
new block 11853969
new block 11853970
new block 11853971
new block 11853972
new block 11853973
new block 11853974
new block 11853975
fromQueryFilter 11170489059594886498844043,103756299345623092324094
new block 11853976
new block 11853977
fromContract    11170489059594886498844043,103756299345623092324094
fromQueryFilter 11170489059594886498844043,103756299345623092324094
new block 11853978
fromQueryFilter 11170695629594886498844043,103754385466836468720664
new block 11853979
fromQueryFilter 11170695629594886498844043,103754385466836468720664
fromContract    11170695629594886498844043,103754385466836468720664
new block 11853980
new block 11853981
new block 11853982
new block 11853983
new block 11853984
new block 11853985
new block 11853986
new block 11853987
fromContract    11170696560148045522160897,103754376845386746916450
fromQueryFilter 11170696560148045522160897,103754376845386746916450
new block 11853988
new block 11853989
new block 11853990
new block 11853991
new block 11853992
new block 11853993
new block 11853994
new block 11853995
new block 11853996
fromContract    11170713620148045522160897,103754218787037782848127
fromQueryFilter 11170713620148045522160897,103754218787037782848127
new block 11853997
new block 11853998
new block 11853999
new block 11854000
fromContract    11171062280148045522160897,103757457160802646150265
new block 11854001
new block 11854002
fromContract    11171112280148045522160897,103756993921054980538237
fromQueryFilter 11171112280148045522160897,103756993921054980538237
new block 11854003
new block 11854004
new block 11854005
new block 11854006
new block 11854007
new block 11854008
new block 11854009
new block 11854010
new block 11854011
new block 11854012
new block 11854013
new block 11854014
new block 11854015
new block 11854016
new block 11854017
new block 11854018
new block 11854019
new block 11854020
SYNC-EVENT: 3:08.661 (m:ss.mmm) found missing event 11171062280148045522160897,103757457160802646150265 {
  fromContract: true,
  fromQueryFilter: undefined,
  received: 1634482615682
}
