pollingInterval=8000
started at 2021-10-23T08:06:43.201Z
new block 12016073
new block 12016074
new block 12016075
new block 12016076
new block 12016077
new block 12016078
new block 12016079
new block 12016080
new block 12016081
new block 12016082
new block 12016083
new block 12016084
new block 12016085
new block 12016086
new block 12016087
new block 12016088
new block 12016089
new block 12016090
new block 12016091
new block 12016092
new block 12016093
new block 12016094
new block 12016095
new block 12016096
new block 12016097
new block 12016098
new block 12016099
new block 12016100
new block 12016101
new block 12016102
new block 12016103
new block 12016104
new block 12016105
new block 12016106
new block 12016107
new block 12016108
new block 12016109
new block 12016110
new block 12016111
new block 12016112
new block 12016113
new block 12016114
new block 12016115
new block 12016116
new block 12016117
new block 12016118
new block 12016119
new block 12016120
new block 12016121
new block 12016122
new block 12016123
new block 12016124
new block 12016125
new block 12016126
new block 12016127
new block 12016128
new block 12016129
new block 12016130
new block 12016131
new block 12016132
new block 12016133
new block 12016134
new block 12016135
new block 12016136
new block 12016137
fromQueryFilter 11544255762009491132134824,101515883729903283768945
fromQueryFilter 11544255762009491132134824,101515883729903283768945
fromContract    11544255762009491132134824,101515883729903283768945
new block 12016138
new block 12016139
new block 12016140
fromQueryFilter 11544235153462799854374611,101515702506022517126233
fromContract    11544235153462799854374611,101515702506022517126233
new block 12016141
new block 12016142
new block 12016143
new block 12016144
new block 12016145
fromContract    11544164469635848947431380,101516325634887574117883
fromQueryFilter 11544164469635848947431380,101516325634887574117883
new block 12016146
new block 12016147
new block 12016148
new block 12016149
new block 12016150
new block 12016151
new block 12016152
new block 12016153
new block 12016154
new block 12016155
new block 12016156
new block 12016157
new block 12016158
new block 12016159
new block 12016160
new block 12016161
new block 12016162
new block 12016163
new block 12016164
new block 12016165
new block 12016166
new block 12016167
new block 12016168
new block 12016169
new block 12016170
new block 12016171
new block 12016172
new block 12016173
new block 12016174
new block 12016175
new block 12016176
new block 12016177
new block 12016178
new block 12016179
new block 12016180
new block 12016181
new block 12016182
new block 12016183
new block 12016184
new block 12016185
new block 12016186
new block 12016187
new block 12016188
new block 12016189
new block 12016190
fromQueryFilter 11544757722155107806576615,101511122038324321132456
fromContract    11544757722155107806576615,101511122038324321132456
fromQueryFilter 11544757722155107806576615,101511122038324321132456
new block 12016191
new block 12016192
new block 12016193
new block 12016194
new block 12016195
new block 12016196
fromQueryFilter 11544776869669242230037576,101511290399210777843993
fromQueryFilter 11544776869669242230037576,101511290399210777843993
fromContract    11544776869669242230037576,101511290399210777843993
new block 12016197
new block 12016198
new block 12016199
new block 12016200
new block 12016201
fromQueryFilter 11544676869669242230037576,101512171893823487420395
fromContract    11544676869669242230037576,101512171893823487420395
fromQueryFilter 11544676869669242230037576,101512171893823487420395
new block 12016202
new block 12016203
new block 12016204
new block 12016205
new block 12016206
new block 12016207
new block 12016208
new block 12016209
new block 12016210
new block 12016211
new block 12016212
new block 12016213
new block 12016214
new block 12016215
new block 12016216
new block 12016217
new block 12016218
new block 12016219
new block 12016220
new block 12016221
new block 12016222
new block 12016223
new block 12016224
new block 12016225
new block 12016226
new block 12016227
new block 12016228
new block 12016229
new block 12016230
new block 12016231
fromQueryFilter 11544717679669242230037576,101511813950467328447382
fromContract    11544717679669242230037576,101511813950467328447382
new block 12016232
new block 12016233
fromContract    11544765261019697717811592,101511396618978755632285
fromQueryFilter 11544765261019697717811592,101511396618978755632285
new block 12016234
new block 12016235
new block 12016236
fromQueryFilter 11544755145439642588165291,101511485831478755632285
fromQueryFilter 11544755145439642588165291,101511485831478755632285
fromContract    11544755145439642588165291,101511485831478755632285
fromQueryFilter 11544755145439642588165291,101511485831478755632285
new block 12016237
new block 12016238
new block 12016239
new block 12016240
new block 12016241
new block 12016242
new block 12016243
new block 12016244
new block 12016245
new block 12016246
new block 12016247
new block 12016248
new block 12016249
new block 12016250
new block 12016251
new block 12016252
new block 12016253
new block 12016254
new block 12016255
new block 12016256
new block 12016257
new block 12016258
new block 12016259
new block 12016260
new block 12016261
new block 12016262
new block 12016263
new block 12016264
new block 12016265
new block 12016266
new block 12016267
new block 12016268
fromQueryFilter 11544754203056496326194265,101511494138495768444901
fromContract    11544754203056496326194265,101511494138495768444901
fromQueryFilter 11544754203056496326194265,101511494138495768444901
new block 12016269
new block 12016270
new block 12016271
fromQueryFilter 11544756371465031757915293,101511475119636695393376
fromContract    11544756371465031757915293,101511475119636695393376
fromQueryFilter 11544756371465031757915293,101511475119636695393376
new block 12016272
new block 12016273
new block 12016274
new block 12016275
new block 12016276
new block 12016277
new block 12016278
new block 12016279
new block 12016280
new block 12016281
new block 12016282
new block 12016283
new block 12016284
fromContract    11544776601278286887561594,101511297686640875668039
fromQueryFilter 11544776601278286887561594,101511297686640875668039
fromQueryFilter 11544776601278286887561594,101511297686640875668039
new block 12016285
new block 12016286
new block 12016287
new block 12016288
new block 12016289
fromQueryFilter 11544824203621183277020915,101510880175284616946109
fromContract    11544824203621183277020915,101510880175284616946109
new block 12016290
new block 12016291
fromContract    11544036951902699863556993,101503958059065845037002
fromQueryFilter 11544036951902699863556993,101503958059065845037002
new block 12016292
new block 12016293
new block 12016294
new block 12016295
new block 12016296
new block 12016297
new block 12016298
new block 12016299
new block 12016300
new block 12016301
new block 12016302
new block 12016303
new block 12016304
new block 12016305
new block 12016306
new block 12016307
new block 12016308
new block 12016309
new block 12016310
new block 12016311
new block 12016312
new block 12016313
new block 12016314
new block 12016315
new block 12016316
new block 12016317
new block 12016318
new block 12016319
new block 12016320
new block 12016321
new block 12016322
new block 12016323
new block 12016324
new block 12016325
new block 12016326
new block 12016327
new block 12016328
new block 12016329
new block 12016330
new block 12016331
new block 12016332
new block 12016333
new block 12016334
new block 12016335
new block 12016336
new block 12016337
fromQueryFilter 11543786894194099863556993,101506162315004675951586
fromContract    11543786894194099863556993,101506162315004675951586
new block 12016338
new block 12016339
new block 12016340
new block 12016341
new block 12016342
new block 12016343
new block 12016344
new block 12016345
fromQueryFilter 11543796613771680152029539,101506247780634675951586
fromContract    11543796613771680152029539,101506247780634675951586
new block 12016346
new block 12016347
new block 12016348
fromQueryFilter 11544114443770795633098120,101509042505084675951586
fromQueryFilter 11544114443770795633098120,101509042505084675951586
fromContract    11544114443770795633098120,101509042505084675951586
new block 12016349
new block 12016350
new block 12016351
new block 12016352
new block 12016353
new block 12016354
new block 12016355
new block 12016356
new block 12016357
new block 12016358
new block 12016359
new block 12016360
new block 12016361
new block 12016362
new block 12016363
new block 12016364
fromQueryFilter 11544116771810124406779016,101509022085484341994340
fromQueryFilter 11544116771810124406779016,101509022085484341994340
fromQueryFilter 11544116771810124406779016,101509022085484341994340
new block 12016365
new block 12016366
new block 12016367
fromQueryFilter 11544116771810124406779016,101509022085484341994340
fromContract    11544116771810124406779016,101509022085484341994340
new block 12016368
new block 12016369
new block 12016370
new block 12016371
new block 12016372
new block 12016373
new block 12016374
new block 12016375
new block 12016376
new block 12016377
new block 12016378
new block 12016379
new block 12016380
new block 12016381
new block 12016382
new block 12016383
fromQueryFilter 11544216771809151537598965,101509901399364341994340
fromContract    11544216771809151537598965,101509901399364341994340
new block 12016384
new block 12016385
new block 12016386
new block 12016387
new block 12016388
new block 12016389
new block 12016390
new block 12016391
fromQueryFilter 11544126019947146719315991,101510701399364341994340
fromQueryFilter 11544126019947146719315991,101510701399364341994340
fromQueryFilter 11544126019947146719315991,101510701399364341994340
fromContract    11544126019947146719315991,101510701399364341994340
new block 12016392
new block 12016393
new block 12016394
new block 12016395
new block 12016396
new block 12016397
new block 12016398
fromContract    11544216768518109909964723,101511499376714341994340
fromQueryFilter 11544216768518109909964723,101511499376714341994340
fromQueryFilter 11544216768518109909964723,101511499376714341994340
fromQueryFilter 11544216768518109909964723,101511499376714341994340
new block 12016399
new block 12016400
new block 12016401
new block 12016402
new block 12016403
new block 12016404
fromContract    11544116769305068800829806,101510620055903251790648
fromQueryFilter 11544116769305068800829806,101510620055903251790648
new block 12016405
new block 12016406
new block 12016407
new block 12016408
new block 12016409
new block 12016410
new block 12016411
new block 12016412
new block 12016413
new block 12016414
new block 12016415
new block 12016416
new block 12016417
new block 12016418
new block 12016419
new block 12016420
new block 12016421
new block 12016422
new block 12016423
new block 12016424
new block 12016425
new block 12016426
new block 12016427
new block 12016428
new block 12016429
new block 12016430
new block 12016431
new block 12016432
new block 12016433
new block 12016434
new block 12016435
new block 12016436
new block 12016437
new block 12016438
new block 12016439
new block 12016440
new block 12016441
fromContract    11543611750330977819299547,101515072152308820042648
new block 12016442
new block 12016443
new block 12016444
new block 12016445
new block 12016446
new block 12016447
new block 12016448
new block 12016449
new block 12016450
new block 12016451
new block 12016452
fromContract    11542940323091102922353340,101520991858191172983148
fromQueryFilter 11542940323091102922353340,101520991858191172983148
new block 12016453
new block 12016454
new block 12016455
new block 12016456
new block 12016457
new block 12016458
new block 12016459
new block 12016460
fromQueryFilter 11542912855292021530500278,101520750276919083580132
new block 12016461
SYNC-EVENT: 19:29.122 (m:ss.mmm) found missing event 11543611750330977819299547,101515072152308820042648 {
  fromContract: true,
  fromQueryFilter: undefined,
  received: 1634977509934
}
