pollingInterval=8000
started at 2021-10-23T08:31:15.246Z
new block 12016562
new block 12016563
new block 12016564
new block 12016565
new block 12016566
new block 12016567
new block 12016568
new block 12016569
new block 12016570
new block 12016571
new block 12016572
new block 12016573
new block 12016574
new block 12016575
new block 12016576
new block 12016577
new block 12016578
new block 12016579
new block 12016580
fromQueryFilter 11543403520981139961375101,101520936743645280550462
fromQueryFilter 11543403520981139961375101,101520936743645280550462
fromContract    11543403520981139961375101,101520936743645280550462
fromQueryFilter 11543403520981139961375101,101520936743645280550462
new block 12016581
new block 12016582
new block 12016583
fromQueryFilter 11543382624148793121041624,101520752961973699011354
new block 12016584
new block 12016585
new block 12016586
new block 12016587
fromQueryFilter 11543382624148793121041624,101520752961973699011354
fromContract    11543382624148793121041624,101520752961973699011354
new block 12016588
new block 12016589
new block 12016590
new block 12016591
new block 12016592
new block 12016593
new block 12016594
new block 12016595
new block 12016596
new block 12016597
new block 12016598
new block 12016599
new block 12016600
new block 12016601
new block 12016602
new block 12016603
new block 12016604
new block 12016605
new block 12016606
new block 12016607
new block 12016608
new block 12016609
new block 12016610
new block 12016611
new block 12016612
new block 12016613
new block 12016614
new block 12016615
fromContract    11543438304148793121041624,101520264498852440077362
fromQueryFilter 11543438304148793121041624,101520264498852440077362
new block 12016616
new block 12016617
fromContract    11543448304148793121041624,101520176772497724627781
fromQueryFilter 11543448304148793121041624,101520176772497724627781
fromQueryFilter 11542919964718176718374859,101524835172747360575781
fromQueryFilter 11542919964718176718374859,101524835172747360575781
new block 12016618
new block 12016619
new block 12016620
fromQueryFilter 11542919964718176718374859,101524835172747360575781
fromContract    11542919964718176718374859,101524835172747360575781
new block 12016621
new block 12016622
new block 12016623
new block 12016624
new block 12016625
fromQueryFilter 11542565365056792992664963,101527961938616247152481
fromQueryFilter 11542565365056792992664963,101527961938616247152481
fromContract    11542565365056792992664963,101527961938616247152481
new block 12016626
new block 12016627
new block 12016628
new block 12016629
new block 12016630
fromQueryFilter 11544049911514352870194693,101514938240842348908743
fromQueryFilter 11544811461514352870194693,101508258578516239604539
fromQueryFilter 11543635747795904577398533,101518623056759004543539
fromContract    11544049911514352870194693,101514938240842348908743
fromContract    11544811461514352870194693,101508258578516239604539
fromQueryFilter 11544811461514352870194693,101508258578516239604539
fromQueryFilter 11543635747795904577398533,101518623056759004543539
fromQueryFilter 11544049911514352870194693,101514938240842348908743
fromQueryFilter 11544811461514352870194693,101508258578516239604539
fromQueryFilter 11543635747795904577398533,101518623056759004543539
fromQueryFilter 11544049911514352870194693,101514938240842348908743
fromQueryFilter 11544811461514352870194693,101508258578516239604539
fromQueryFilter 11543635747795904577398533,101518623056759004543539
new block 12016631
new block 12016632
new block 12016633
fromContract    11543635747795904577398533,101518623056759004543539
fromQueryFilter 11543635747795904577398533,101518623056759004543539
new block 12016634
new block 12016635
new block 12016636
fromContract    11542871068665276265826059,101525365203603411959539
fromQueryFilter 11542871068665276265826059,101525365203603411959539
new block 12016637
new block 12016638
new block 12016639
new block 12016640
new block 12016641
new block 12016642
new block 12016643
new block 12016644
new block 12016645
new block 12016646
new block 12016647
new block 12016648
new block 12016649
new block 12016650
new block 12016651
new block 12016652
new block 12016653
new block 12016654
new block 12016655
fromContract    11542870168665276265826059,101525373139396843568516
fromQueryFilter 11542870168665276265826059,101525373139396843568516
fromQueryFilter 11542870168665276265826059,101525373139396843568516
new block 12016656
new block 12016657
new block 12016658
new block 12016659
fromQueryFilter 11542880557683034314877986,101525281991261914310292
fromQueryFilter 11542880557683034314877986,101525281991261914310292
fromContract    11542880557683034314877986,101525281991261914310292
new block 12016660
new block 12016661
new block 12016662
new block 12016663
new block 12016664
new block 12016665
new block 12016666
fromQueryFilter 11542882567683034314877986,101525264356528895458836
fromQueryFilter 11542882567683034314877986,101525264356528895458836
fromContract    11542882567683034314877986,101525264356528895458836
new block 12016667
fromQueryFilter 11542647265670801164830790,101527339181382582291571
fromContract    11542647265670801164830790,101527339181382582291571
new block 12016668
new block 12016669
new block 12016670
new block 12016671
fromQueryFilter 11542744265670801164830790,101526488124519402881559
fromQueryFilter 11542744265670801164830790,101526488124519402881559
fromContract    11542744265670801164830790,101526488124519402881559
fromQueryFilter 11542744265670801164830790,101526488124519402881559
new block 12016672
new block 12016673
new block 12016674
new block 12016675
new block 12016676
fromContract    11541924156700974280396040,101533720147629958783559
fromQueryFilter 11541924156700974280396040,101533720147629958783559
new block 12016677
new block 12016678
new block 12016679
new block 12016680
new block 12016681
new block 12016682
new block 12016683
new block 12016684
new block 12016685
new block 12016686
new block 12016687
new block 12016688
new block 12016689
new block 12016690
new block 12016691
new block 12016692
new block 12016693
new block 12016694
new block 12016695
new block 12016696
new block 12016697
new block 12016698
new block 12016699
new block 12016700
new block 12016701
new block 12016702
fromQueryFilter 11542684076700974280396040,101527052320371657346116
fromQueryFilter 11542684076700974280396040,101527052320371657346116
fromContract    11542684076700974280396040,101527052320371657346116
fromQueryFilter 11542684076700974280396040,101527052320371657346116
new block 12016703
new block 12016704
new block 12016705
fromContract    11542684646700974280396040,101527047319304267301766
fromQueryFilter 11542684646700974280396040,101527047319304267301766
fromQueryFilter 11542684646700974280396040,101527047319304267301766
new block 12016706
new block 12016707
new block 12016708
new block 12016709
new block 12016710
new block 12016711
new block 12016712
new block 12016713
fromContract    11542700496700974280396040,101526908254732962678863
fromQueryFilter 11542700496700974280396040,101526908254732962678863
fromQueryFilter 11542700496700974280396040,101526908254732962678863
new block 12016714
new block 12016715
new block 12016716
new block 12016717
new block 12016718
new block 12016719
fromContract    11542855113635136577479070,101525551698212819754635
fromContract    11542855343635136577479070,101525549680297927286843
fromQueryFilter 11542855113635136577479070,101525551698212819754635
fromQueryFilter 11542855343635136577479070,101525549680297927286843
fromQueryFilter 11542855113635136577479070,101525551698212819754635
fromQueryFilter 11542855343635136577479070,101525549680297927286843
new block 12016720
new block 12016721
new block 12016722
new block 12016723
new block 12016724
new block 12016725
new block 12016726
new block 12016727
new block 12016728
new block 12016729
new block 12016730
new block 12016731
new block 12016732
new block 12016733
new block 12016734
fromQueryFilter 11542793343635136577479070,101526096372921823946776
fromQueryFilter 11542793343635136577479070,101526096372921823946776
new block 12016735
new block 12016736
new block 12016737
new block 12016738
fromContract    11542793343635136577479070,101526096372921823946776
fromQueryFilter 11542793343635136577479070,101526096372921823946776
new block 12016739
new block 12016740
new block 12016741
new block 12016742
new block 12016743
new block 12016744
new block 12016745
new block 12016746
new block 12016747
new block 12016748
new block 12016749
new block 12016750
new block 12016751
new block 12016752
new block 12016753
new block 12016754
new block 12016755
new block 12016756
new block 12016757
new block 12016758
new block 12016759
new block 12016760
new block 12016761
new block 12016762
new block 12016763
new block 12016764
new block 12016765
new block 12016766
new block 12016767
new block 12016768
new block 12016769
new block 12016770
new block 12016771
new block 12016772
new block 12016773
new block 12016774
new block 12016775
new block 12016776
new block 12016777
new block 12016778
new block 12016779
fromQueryFilter 11542658343635136577479070,101527286772354618749605
fromQueryFilter 11542658343635136577479070,101527286772354618749605
new block 12016780
new block 12016781
new block 12016782
new block 12016783
fromQueryFilter 11542587743453110826433172,101527909319881226069431
fromQueryFilter 11542587743453110826433172,101527909319881226069431
fromQueryFilter 11542658343635136577479070,101527286772354618749605
fromQueryFilter 11542587743453110826433172,101527909319881226069431
fromContract    11542658343635136577479070,101527286772354618749605
fromContract    11542587743453110826433172,101527909319881226069431
new block 12016784
new block 12016785
fromContract    11542777266807798245799105,101526246478648306872115
fromQueryFilter 11542777266807798245799105,101526246478648306872115
fromQueryFilter 11542777266807798245799105,101526246478648306872115
new block 12016786
new block 12016787
new block 12016788
new block 12016789
new block 12016790
new block 12016791
new block 12016792
new block 12016793
new block 12016794
new block 12016795
new block 12016796
new block 12016797
new block 12016798
new block 12016799
new block 12016800
new block 12016801
new block 12016802
new block 12016803
new block 12016804
new block 12016805
new block 12016806
new block 12016807
new block 12016808
new block 12016809
new block 12016810
new block 12016811
new block 12016812
new block 12016813
new block 12016814
new block 12016815
new block 12016816
new block 12016817
new block 12016818
new block 12016819
new block 12016820
new block 12016821
new block 12016822
new block 12016823
new block 12016824
new block 12016825
new block 12016826
new block 12016827
new block 12016828
fromContract    11543842698220849188722277,101516899603709543997565
fromQueryFilter 11543842698220849188722277,101516899603709543997565
fromQueryFilter 11543842698220849188722277,101516899603709543997565
new block 12016829
new block 12016830
new block 12016831
new block 12016832
new block 12016833
fromQueryFilter 11543845831566326334453663,101516873154383829562964
fromQueryFilter 11543869375262084655175460,101516665592043409883702
fromQueryFilter 11543845831566326334453663,101516873154383829562964
fromContract    11543869375262084655175460,101516665592043409883702
fromContract    11543845831566326334453663,101516873154383829562964
new block 12016834
new block 12016835
new block 12016836
new block 12016837
new block 12016838
new block 12016839
new block 12016840
new block 12016841
new block 12016842
new block 12016843
new block 12016844
fromQueryFilter 11543564092224389941800821,101519357047508829562964
fromQueryFilter 11543492092224389941800821,101519991839210625873537
fromQueryFilter 11543258522492184190042762,101522051173308166515537
fromQueryFilter 11543242522492184190042762,101522192244924334684460
fromQueryFilter 11543564092224389941800821,101519357047508829562964
fromQueryFilter 11543492092224389941800821,101519991839210625873537
fromQueryFilter 11543258522492184190042762,101522051173308166515537
fromQueryFilter 11543242522492184190042762,101522192244924334684460
fromQueryFilter 11543492092224389941800821,101519991839210625873537
fromQueryFilter 11543258522492184190042762,101522051173308166515537
fromQueryFilter 11543242522492184190042762,101522192244924334684460
fromContract    11543564092224389941800821,101519357047508829562964
fromContract    11543492092224389941800821,101519991839210625873537
fromQueryFilter 11543564092224389941800821,101519357047508829562964
fromQueryFilter 11543492092224389941800821,101519991839210625873537
fromQueryFilter 11543258522492184190042762,101522051173308166515537
fromQueryFilter 11543242522492184190042762,101522192244924334684460
new block 12016845
new block 12016846
new block 12016847
fromQueryFilter 11543258522492184190042762,101522051173308166515537
fromQueryFilter 11543242522492184190042762,101522192244924334684460
fromContract    11543258522492184190042762,101522051173308166515537
fromContract    11543242522492184190042762,101522192244924334684460
new block 12016848
new block 12016849
new block 12016850
new block 12016851
new block 12016852
new block 12016853
new block 12016854
new block 12016855
new block 12016856
new block 12016857
new block 12016858
new block 12016859
new block 12016860
new block 12016861
new block 12016862
new block 12016863
new block 12016864
new block 12016865
new block 12016866
new block 12016867
new block 12016868
new block 12016869
new block 12016870
new block 12016871
new block 12016872
new block 12016873
new block 12016874
new block 12016875
new block 12016876
fromContract    11549542522491359725947789,101577600403404334684460
fromQueryFilter 11549542522491359725947789,101577600403404334684460
fromQueryFilter 11549542522491359725947789,101577600403404334684460
fromQueryFilter 11549542522491359725947789,101577600403404334684460
new block 12016877
new block 12016878
new block 12016879
new block 12016880
new block 12016881
new block 12016882
new block 12016883
new block 12016884
fromContract    11549566522491359725947789,101577389852838514316639
fromQueryFilter 11549566522491359725947789,101577389852838514316639
fromQueryFilter 11549566522491359725947789,101577389852838514316639
new block 12016885
new block 12016886
new block 12016887
new block 12016888
new block 12016889
new block 12016890
new block 12016891
new block 12016892
fromQueryFilter 11549735622491359725947789,101575906373391908614994
fromQueryFilter 11549735622491359725947789,101575906373391908614994
fromQueryFilter 11549735622491359725947789,101575906373391908614994
fromContract    11549735622491359725947789,101575906373391908614994
new block 12016893
new block 12016894
new block 12016895
new block 12016896
new block 12016897
new block 12016898
new block 12016899
new block 12016900
new block 12016901
new block 12016902
new block 12016903
new block 12016904
new block 12016905
new block 12016906
new block 12016907
new block 12016908
new block 12016909
new block 12016910
new block 12016911
new block 12016912
new block 12016913
new block 12016914
new block 12016915
new block 12016916
new block 12016917
fromQueryFilter 11549713128590762390731297,101576104695612333245877
fromQueryFilter 11549713128590762390731297,101576104695612333245877
fromContract    11549713128590762390731297,101576104695612333245877
new block 12016918
new block 12016919
new block 12016920
new block 12016921
new block 12016922
new block 12016923
new block 12016924
new block 12016925
new block 12016926
new block 12016927
new block 12016928
new block 12016929
new block 12016930
new block 12016931
new block 12016932
new block 12016933
new block 12016934
new block 12016935
new block 12016936
new block 12016937
new block 12016938
new block 12016939
new block 12016940
new block 12016941
new block 12016942
new block 12016943
new block 12016944
new block 12016945
new block 12016946
new block 12016947
new block 12016948
new block 12016949
new block 12016950
new block 12016951
new block 12016952
new block 12016953
new block 12016954
new block 12016955
new block 12016956
new block 12016957
new block 12016958
new block 12016959
new block 12016960
new block 12016961
new block 12016962
new block 12016963
new block 12016964
new block 12016965
new block 12016966
new block 12016967
new block 12016968
new block 12016969
new block 12016970
new block 12016971
new block 12016972
new block 12016973
new block 12016974
new block 12016975
new block 12016976
new block 12016977
new block 12016978
new block 12016979
new block 12016980
new block 12016981
new block 12016982
new block 12016983
new block 12016984
new block 12016985
new block 12016986
new block 12016987
new block 12016988
new block 12016989
new block 12016990
new block 12016991
new block 12016992
new block 12016993
new block 12016994
new block 12016995
new block 12016996
new block 12016997
new block 12016998
new block 12016999
new block 12017000
new block 12017001
new block 12017002
new block 12017003
new block 12017004
new block 12017005
fromQueryFilter 11549734578590448631022654,101576293341632333245877
new block 12017006
new block 12017007
new block 12017008
new block 12017009
new block 12017010
fromContract    11549734578590448631022654,101576293341632333245877
fromContract    11549234098539235807668428,101580706129429084599877
fromQueryFilter 11549734578590448631022654,101576293341632333245877
fromQueryFilter 11549234098539235807668428,101580706129429084599877
fromQueryFilter 11549734578590448631022654,101576293341632333245877
fromQueryFilter 11549234098539235807668428,101580706129429084599877
fromQueryFilter 11549734578590448631022654,101576293341632333245877
fromQueryFilter 11549234098539235807668428,101580706129429084599877
fromQueryFilter 11549234098539235807668428,101580706129429084599877
fromQueryFilter 11549234098539235807668428,101580706129429084599877
new block 12017011
new block 12017012
new block 12017013
new block 12017014
new block 12017015
new block 12017016
new block 12017017
new block 12017018
new block 12017019
new block 12017020
fromQueryFilter 11548939108627557856712714,101583307267439076273877
fromQueryFilter 11548939108627557856712714,101583307267439076273877
fromContract    11548939108627557856712714,101583307267439076273877
new block 12017021
new block 12017022
new block 12017023
fromContract    11547011543425017999593245,101600307267439076273877
fromQueryFilter 11547011543425017999593245,101600307267439076273877
fromQueryFilter 11547011543425017999593245,101600307267439076273877
fromQueryFilter 11547011543425017999593245,101600307267439076273877
new block 12017024
new block 12017025
new block 12017026
new block 12017027
new block 12017028
new block 12017029
new block 12017030
new block 12017031
fromContract    11548939103424233108385497,101617267559499076273877
fromQueryFilter 11548939103424233108385497,101617267559499076273877
fromQueryFilter 11548939103424233108385497,101617267559499076273877
new block 12017032
new block 12017033
new block 12017034
new block 12017035
new block 12017036
new block 12017037
new block 12017038
new block 12017039
fromQueryFilter 11548297113087361720831636,101622930801898076690877
fromContract    11548297113087361720831636,101622930801898076690877
new block 12017040
new block 12017041
new block 12017042
new block 12017043
new block 12017044
new block 12017045
fromQueryFilter 11547745060832767136925363,101627801170286248285877
fromQueryFilter 11547745060832767136925363,101627801170286248285877
fromQueryFilter 11547745060832767136925363,101627801170286248285877
fromContract    11547745060832767136925363,101627801170286248285877
new block 12017046
new block 12017047
new block 12017048
new block 12017049
new block 12017050
new block 12017051
new block 12017052
new block 12017053
new block 12017054
new block 12017055
new block 12017056
new block 12017057
new block 12017058
fromQueryFilter 11547792597429035370086955,101627383864367094381361
fromQueryFilter 11547792597429035370086955,101627383864367094381361
fromQueryFilter 11547792597429035370086955,101627383864367094381361
fromContract    11547792597429035370086955,101627383864367094381361
new block 12017059
new block 12017060
new block 12017061
new block 12017062
new block 12017063
new block 12017064
new block 12017065
new block 12017066
new block 12017067
new block 12017068
new block 12017069
new block 12017070
new block 12017071
fromQueryFilter 11547799917428337279859974,101627448284677094381361
fromQueryFilter 11547799917428337279859974,101627448284677094381361
fromQueryFilter 11547799917428337279859974,101627448284677094381361
fromContract    11547799917428337279859974,101627448284677094381361
fromQueryFilter 11547799917428337279859974,101627448284677094381361
new block 12017072
new block 12017073
new block 12017074
fromContract    11547808797428337279859974,101627370330874001706491
fromQueryFilter 11547808797428337279859974,101627370330874001706491
fromQueryFilter 11547629862741708737054234,101628949030353710343391
fromQueryFilter 11547808797428337279859974,101627370330874001706491
fromQueryFilter 11547629862741708737054234,101628949030353710343391
fromQueryFilter 11547808797428337279859974,101627370330874001706491
fromQueryFilter 11547629862741708737054234,101628949030353710343391
new block 12017075
new block 12017076
new block 12017077
fromQueryFilter 11547629862741708737054234,101628949030353710343391
fromContract    11547629862741708737054234,101628949030353710343391
new block 12017078
new block 12017079
new block 12017080
new block 12017081
new block 12017082
fromContract    11547559252071800254429873,101629572025499219459410
fromQueryFilter 11547559252071800254429873,101629572025499219459410
new block 12017083
new block 12017084
new block 12017085
new block 12017086
new block 12017087
new block 12017088
new block 12017089
new block 12017090
fromContract    11547577075192892566161139,101629415557369710130441
fromQueryFilter 11547577075192892566161139,101629415557369710130441
fromQueryFilter 11547577075192892566161139,101629415557369710130441
new block 12017091
new block 12017092
new block 12017093
new block 12017094
new block 12017095
new block 12017096
fromQueryFilter 11547581335192892566161139,101629378159152294605638
fromQueryFilter 11547581335192892566161139,101629378159152294605638
fromContract    11547581335192892566161139,101629378159152294605638
new block 12017097
new block 12017098
new block 12017099
new block 12017100
new block 12017101
new block 12017102
new block 12017103
new block 12017104
new block 12017105
new block 12017106
fromContract    11547582583676521651923026,101629367198814280498391
fromContract    11547541483104770956645718,101629005475910957234921
fromQueryFilter 11547582583676521651923026,101629367198814280498391
fromQueryFilter 11547541483104770956645718,101629005475910957234921
fromQueryFilter 11547541483104770956645718,101629005475910957234921
new block 12017107
new block 12017108
fromContract    11547104424286606870080824,101632861782594280157921
fromQueryFilter 11547104424286606870080824,101632861782594280157921
fromQueryFilter 11547104424286606870080824,101632861782594280157921
new block 12017109
new block 12017110
new block 12017111
new block 12017112
new block 12017113
new block 12017114
fromQueryFilter 11547128197182922850728977,101632653066869643725595
fromQueryFilter 11547128197182922850728977,101632653066869643725595
fromContract    11547128197182922850728977,101632653066869643725595
fromQueryFilter 11547128197182922850728977,101632653066869643725595
new block 12017115
new block 12017116
new block 12017117
new block 12017118
new block 12017119
new block 12017120
new block 12017121
new block 12017122
new block 12017123
new block 12017124
new block 12017125
fromQueryFilter 11546824000260238262412711,101635337253003310183895
fromQueryFilter 11546865100831988957690019,101634976390786969393925
fromQueryFilter 11546128912254993227192409,101641472943380179142925
fromContract    11546824000260238262412711,101635337253003310183895
fromContract    11546865100831988957690019,101634976390786969393925
fromContract    11546128912254993227192409,101641472943380179142925
fromQueryFilter 11546128912254993227192409,101641472943380179142925
fromQueryFilter 11546865100831988957690019,101634976390786969393925
fromQueryFilter 11546128912254993227192409,101641472943380179142925
new block 12017126
new block 12017127
new block 12017128
new block 12017129
new block 12017130
new block 12017131
new block 12017132
new block 12017133
new block 12017134
new block 12017135
new block 12017136
new block 12017137
new block 12017138
new block 12017139
new block 12017140
new block 12017141
new block 12017142
new block 12017143
new block 12017144
new block 12017145
new block 12017146
new block 12017147
new block 12017148
new block 12017149
new block 12017150
new block 12017151
new block 12017152
new block 12017153
new block 12017154
new block 12017155
new block 12017156
new block 12017157
new block 12017158
new block 12017159
new block 12017160
new block 12017161
new block 12017162
new block 12017163
new block 12017164
new block 12017165
fromContract    11546428912254993227192409,101638838690574819264744
fromQueryFilter 11546428912254993227192409,101638838690574819264744
new block 12017166
new block 12017167
new block 12017168
new block 12017169
new block 12017170
new block 12017171
fromQueryFilter 11546439912254993227192409,101638742103906663238867
fromContract    11546439912254993227192409,101638742103906663238867
new block 12017172
new block 12017173
new block 12017174
new block 12017175
fromContract    11546441227314240795787594,101638730556901598313811
fromQueryFilter 11546441227314240795787594,101638730556901598313811
fromQueryFilter 11546441227314240795787594,101638730556901598313811
new block 12017176
new block 12017177
new block 12017178
new block 12017179
new block 12017180
new block 12017181
new block 12017182
new block 12017183
new block 12017184
new block 12017185
new block 12017186
new block 12017187
new block 12017188
new block 12017189
new block 12017190
new block 12017191
new block 12017192
new block 12017193
new block 12017194
new block 12017195
new block 12017196
new block 12017197
new block 12017198
new block 12017199
fromQueryFilter 11546447971314240795787594,101638671340597798599256
fromContract    11546447971314240795787594,101638671340597798599256
new block 12017200
new block 12017201
new block 12017202
fromQueryFilter 11546438971314240795787594,101638750762543036680487
fromQueryFilter 11546438971314240795787594,101638750762543036680487
fromQueryFilter 11546438971314240795787594,101638750762543036680487
new block 12017203
new block 12017204
new block 12017205
fromQueryFilter 11546438971314240795787594,101638750762543036680487
fromQueryFilter 11547016941314240795787594,101633676092952041081551
fromContract    11546438971314240795787594,101638750762543036680487
fromContract    11547016941314240795787594,101633676092952041081551
fromQueryFilter 11547016941314240795787594,101633676092952041081551
fromQueryFilter 11547016941314240795787594,101633676092952041081551
new block 12017206
new block 12017207
new block 12017208
fromQueryFilter 11547009941314240795787594,101633737859485821209860
fromQueryFilter 11547009941314240795787594,101633737859485821209860
fromContract    11547009941314240795787594,101633737859485821209860
new block 12017209
new block 12017210
new block 12017211
new block 12017212
new block 12017213
new block 12017214
new block 12017215
new block 12017216
new block 12017217
new block 12017218
fromContract    11546812163924310156723201,101631997075031239189178
fromContract    11547504496846799399093600,101625918940993803879809
fromQueryFilter 11546812163924310156723201,101631997075031239189178
fromQueryFilter 11547504496846799399093600,101625918940993803879809
fromQueryFilter 11547504496846799399093600,101625918940993803879809
new block 12017219
new block 12017220
new block 12017221
fromQueryFilter 11547516150145850288116014,101625816640506036700485
fromQueryFilter 11547516150145850288116014,101625816640506036700485
fromContract    11547516150145850288116014,101625816640506036700485
fromQueryFilter 11547516150145850288116014,101625816640506036700485
new block 12017222
new block 12017223
new block 12017224
fromQueryFilter 11547614090145850288116014,101624956865531433506291
fromQueryFilter 11547614090145850288116014,101624956865531433506291
fromContract    11547614090145850288116014,101624956865531433506291
new block 12017225
new block 12017226
new block 12017227
new block 12017228
new block 12017229
new block 12017230
new block 12017231
new block 12017232
new block 12017233
new block 12017234
new block 12017235
new block 12017236
new block 12017237
new block 12017238
new block 12017239
new block 12017240
fromQueryFilter 11547624090145274544548063,101625044870681433506291
fromQueryFilter 11547643300145274544548063,101624876235703137971970
fromQueryFilter 11547639233039382833443315,101624912117930844583874
fromQueryFilter 11547639233039382833443315,101624912117930844583874
fromQueryFilter 11547624090145274544548063,101625044870681433506291
fromQueryFilter 11547643300145274544548063,101624876235703137971970
fromQueryFilter 11547639233039382833443315,101624912117930844583874
fromQueryFilter 11547624090145274544548063,101625044870681433506291
fromQueryFilter 11547643300145274544548063,101624876235703137971970
fromQueryFilter 11547639233039382833443315,101624912117930844583874
fromContract    11547624090145274544548063,101625044870681433506291
fromContract    11547643300145274544548063,101624876235703137971970
fromQueryFilter 11547643300145274544548063,101624876235703137971970
fromQueryFilter 11547639233039382833443315,101624912117930844583874
new block 12017241
new block 12017242
new block 12017243
new block 12017244
new block 12017245
new block 12017246
new block 12017247
new block 12017248
new block 12017249
new block 12017250
fromContract    11548572603039382833443315,101616719198123108620715
fromQueryFilter 11548572603039382833443315,101616719198123108620715
new block 12017251
new block 12017252
new block 12017253
new block 12017254
new block 12017255
new block 12017256
SYNC-EVENT: 34:57.764 (m:ss.mmm) found missing event 11547639233039382833443315,101624912117930844583874 {
  fromContract: undefined,
  fromQueryFilter: true,
  received: 1634979910979
}
