started at 2021-10-23T08:04:20.063Z
new block 12016026
new block 12016027
new block 12016028
fromQueryFilter 11544215443606438836229215,101515734700999412541012
fromContract    11544215443606438836229215,101515734700999412541012
new block 12016029
new block 12016030
new block 12016031
new block 12016032
new block 12016033
new block 12016034
new block 12016035
fromQueryFilter 11544224793606438836229215,101515652686034527486440
fromQueryFilter 11544103934438734695002369,101516718151745829525169
fromQueryFilter 11544224793606438836229215,101515652686034527486440
fromQueryFilter 11544103934438734695002369,101516718151745829525169
fromContract    11544224793606438836229215,101515652686034527486440
fromContract    11544103934438734695002369,101516718151745829525169
new block 12016036
new block 12016037
new block 12016038
new block 12016039
new block 12016040
fromContract    11544132224438087590687149,101516966928775829525169
fromQueryFilter 11544132224438087590687149,101516966928775829525169
fromQueryFilter 11544132224438087590687149,101516966928775829525169
new block 12016041
new block 12016042
new block 12016043
new block 12016044
new block 12016045
new block 12016046
new block 12016047
new block 12016048
fromContract    11544251924438087590687149,101515916951489941706267
fromQueryFilter 11544251924438087590687149,101515916951489941706267
new block 12016049
new block 12016050
new block 12016051
new block 12016052
new block 12016053
new block 12016054
new block 12016055
new block 12016056
new block 12016057
new block 12016058
new block 12016059
new block 12016060
new block 12016061
new block 12016062
new block 12016063
new block 12016064
fromQueryFilter 11544257272009491132134824,101515870044491654524296
fromContract    11544257272009491132134824,101515870044491654524296
fromQueryFilter 11544257272009491132134824,101515870044491654524296
new block 12016065
new block 12016066
new block 12016067
new block 12016068
fromContract    11544265762009491132134824,101515795573314219759369
fromQueryFilter 11544265762009491132134824,101515795573314219759369
new block 12016069
new block 12016070
new block 12016071
new block 12016072
new block 12016073
new block 12016074
new block 12016075
new block 12016076
new block 12016077
new block 12016078
new block 12016079
new block 12016080
new block 12016081
new block 12016082
new block 12016083
new block 12016084
new block 12016085
new block 12016086
new block 12016087
new block 12016088
new block 12016089
new block 12016090
new block 12016091
new block 12016092
new block 12016093
new block 12016094
new block 12016095
new block 12016096
new block 12016097
new block 12016098
new block 12016099
new block 12016100
new block 12016101
new block 12016102
new block 12016103
new block 12016104
new block 12016105
new block 12016106
new block 12016107
new block 12016108
new block 12016109
new block 12016110
new block 12016111
new block 12016112
new block 12016113
new block 12016114
new block 12016115
new block 12016116
new block 12016117
new block 12016118
new block 12016119
new block 12016120
new block 12016121
new block 12016122
new block 12016123
new block 12016124
new block 12016125
new block 12016126
new block 12016127
new block 12016128
new block 12016129
new block 12016130
new block 12016131
new block 12016132
new block 12016133
new block 12016134
new block 12016135
new block 12016136
fromQueryFilter 11544255762009491132134824,101515883729903283768945
new block 12016137
fromQueryFilter 11544255762009491132134824,101515883729903283768945
fromQueryFilter 11544235153462799854374611,101515702506022517126233
fromContract    11544255762009491132134824,101515883729903283768945
new block 12016138
new block 12016139
fromQueryFilter 11544235153462799854374611,101515702506022517126233
new block 12016140
new block 12016141
new block 12016142
new block 12016143
new block 12016144
new block 12016145
fromContract    11544164469635848947431380,101516325634887574117883
fromQueryFilter 11544164469635848947431380,101516325634887574117883
new block 12016146
new block 12016147
new block 12016148
new block 12016149
new block 12016150
new block 12016151
new block 12016152
new block 12016153
new block 12016154
new block 12016155
new block 12016156
new block 12016157
new block 12016158
new block 12016159
new block 12016160
SYNC-EVENT: 6:44.784 (m:ss.mmm) found missing event 11544235153462799854374611,101515702506022517126233 {
  fromContract: undefined,
  fromQueryFilter: true,
  received: 1634976601829
}
